500
0 9021 1470 2892 9807 5005 1207 8413 7474 2645 148 4385 3261 6472 7964 7561 2359 1791 
1 548 4010 8987 2207 1375 241 7974 8699 7120 9276 2349 4526 5790 1924 5689 6205 7413 205 6054 2816 
2 5244 4092 5085 9453 6644 9231 1673 3963 3022 1216 8293 7 3608 457 5665 7242 9270 
3 8595 8994 2784 6956 4326 6613 5622 7296 1098 5340 2258 4541 8251 5827 1476 4076 4230 3453 5300 
4 8668 6389 9993 1973 3828 9577 1668 8832 9878 5232 9683 5715 75 2413 3950 8768 4319 5962 8618 3802 
5 79 7834 8343 2396 3087 7992 6577 5258 4828 3731 4589 8217 6617 7753 2760 4439 1396 6986 6915 9093 7467 6676 1444 952 9169 
6 5621 6412 6613 5948 2555 6061 5979 4412 4958 3012 2028 2640 3660 1087 6826 9698 2460 
7 6325 2152 6598 8284 7883 4029 4223 4744 8979 5715 7530 9075 8726 321 806 9205 6653 
8 1472 1452 3925 8487 5748 1205 3678 9733 7842 8279 3144 1615 1084 4909 7997 8994 9096 1183 2272 2986 7845 5259 5228 3188 8696 5783 654 8125 
9 5977 3391 622 4226 6613 8498 3723 3176 8352 7463 837 1822 3113 7308 7266 6692 196 8683 4869 6062 
10 691 2067 6762 4074 7672 1303 2480 697 5131 3584 4569 2868 9224 4851 2643 6170 3859 2175 5981 2100 
11 9464 8491 8580 889 128 1477 7026 1728 5072 4501 2490 5652 9023 4170 8637 9745 2471 1617 4875 1157 
12 1200 828 6831 3513 4500 389 9213 3073 4626 2577 7916 5610 2288 8512 3936 4435 
13 8089 2892 490 9230 1343 311 2041 8625 253 7516 210 5188 7837 4662 4448 
14 9914 8364 8277 700 71 2342 493 780 252 4352 9303 5171 88 7219 5887 1535 5458 7228 304 
15 4151 945 9019 560 602 8028 347 1731 4907 9393 5946 7572 2652 2320 5451 3982 7782 7829 7344 7772 6651 6766 8874 2182 321 
16 79 3339 4336 1556 7014 4921 1246 5629 9014 7888 3673 9057 4776 1427 4071 3534 
17 3836 1467 105 5907 2430 5048 9007 1123 7431 7128 3038 9194 8068 2243 1812 950 
18 1989 9465 4728 5064 7815 9968 3268 9703 5479 7120 1984 6502 4213 7299 8005 148 9202 5307 4596 5237 6931 9184 8332 7000 7148 
19 308 979 2663 4060 4326 3835 3884 1212 976 5155 2782 5269 8023 6696 4957 5739 3371 2598 8221 8858 6461 1133 
20 2742 3320 4155 3877 1031 4547 2623 4126 6972 7296 8639 836 6694 4597 
21 9759 4954 5341 5226 6400 4816 1580 5509 1668 2183 7372 4855 1796 5126 2324 8017 3222 1101 215 297 8455 
22 4919 8860 1668 7165 1248 5679 850 8521 4050 3173 7605 1168 1766 
23 5750 2595 9689 3668 4306 5025 7153 3790 2451 8912 8387 7133 3418 8193 200 8754 9125 5409 
24 1528 9532 2937 3467 2123 1867 901 9835 2071 4664 7437 454 1259 8989 4176 1534 6344 4945 
25 4666 9008 8959 3105 1282 624 316 3719 2037 3913 1408 3584 5721 8863 7 116 6652 4687 9822 108 
26 3836 9795 732 5064 5303 3982 3872 1420 9991 2724 4841 8636 689 3457 5261 6785 5962 4990 
27 3089 569 9244 6258 3943 6191 1328 8830 5643 3122 4027 7055 3174 8268 8473 5834 5412 745 9135 3984 4556 5572 617 2597 9496 5069 9982 2297 
28 455 1917 7713 4486 1429 6148 9968 1806 6281 4784 5278 8344 2858 9435 4844 8531 685 834 8931 8524 4293 5341 5632 4199 7120 1694 699 5747 
29 79 6438 4136 2234 5275 2327 6787 9968 2842 3355 9881 7134 8293 6920 9 8297 8502 6702 
30 9744 4149 3612 1073 8538 8498 7129 6101 1661 2930 2 8183 2373 7852 9742 4317 139 9505 1307 5848 
31 4674 5677 8812 8897 6101 4107 8018 2555 307 115 774 1230 3110 1495 6421 7563 4551 5887 7759 7710 591 
32 5903 2240 4985 7335 2946 6374 4855 9832 84 7 1871 9838 7664 6532 6330 5108 3705 8040 8174 8197 3498 5166 4626 1763 7890 8523 
33 6187 2059 4651 7601 4086 6448 3008 3393 3032 7885 2934 7762 2014 3111 8396 200 1737 7281 7358 
34 5417 2077 8792 4513 3323 9241 151 5880 3077 1799 2392 3073 5413 3360 6485 2680 106 9930 6334 2643 6538 4176 
35 5866 8511 2277 8139 221 6561 1353 3982 2835 8137 5156 116 1747 2166 2121 6993 8970 2741 
36 7933 9144 9968 7802 6467 9409 8832 5505 8689 935 6686 5491 5307 2322 9187 5822 4874 5912 7873 
37 5412 9367 5408 7258 3687 2962 6494 1533 7296 7716 9664 8071 981 5022 7744 7155 9640 5982 802 8784 2288 
38 9848 1468 7626 2475 7162 678 8065 9235 3756 838 8680 5338 3516 1275 872 7614 
39 6699 9007 2016 4726 2199 7751 6198 7033 9707 7980 1345 3599 6060 4717 476 5762 2205 1953 41 1642 3525 1534 3958 
40 3877 989 966 9459 5658 1966 268 9538 3167 8293 9306 8130 8573 5219 7681 5922 4994 873 
41 7220 1397 3286 9522 8812 9533 8384 6753 5523 3686 3758 557 5060 4211 2958 5113 5398 5548 4314 1491 574 2570 
42 2653 979 904 8905 3045 5009 2697 8593 3348 2411 5524 8954 9545 6154 6193 3515 988 3936 1534 
43 4363 2705 7920 7949 4457 9846 3728 7181 5635 3894 199 1648 8179 9719 4217 7864 9139 2188 
44 2510 2941 6258 9780 8490 1045 8269 3783 9212 7581 566 7870 1066 6964 
45 745 2019 9834 7949 6492 4931 3047 7438 3588 7060 2 1440 4583 9829 2628 4539 2666 1014 7422 1011 8050 2340 8125 
46 5412 9266 3807 8605 8994 8162 906 7471 3526 5376 7762 8990 8866 9152 
47 7652 8031 6495 7962 861 8470 1450 317 4052 148 3012 3349 6285 7828 6986 3679 6582 
48 79 8529 8095 8994 3814 3028 9968 3857 6676 2871 8325 7938 3233 9280 9063 5384 2643 4311 139 5180 5435 4482 
49 4214 8994 6587 5195 9600 7434 2511 1577 9605 8284 8590 1702 6270 374 3774 8542 3843 523 1789 
50 2613 1162 1691 4488 4352 3401 9406 6497 3574 9528 6901 6639 502 321 
51 5748 6071 647 6613 7992 7043 1439 4966 408 7485 3104 626 5151 7833 5557 6938 9191 6573 7253 6301 7736 4401 2768 9407 6992 5762 5920 
52 6100 9244 6248 2962 6938 82 9718 4761 2731 6925 6456 5038 935 5201 7699 2717 7742 7755 5106 4341 5778 1740 
53 8414 8168 4326 8965 3416 3356 9770 5595 9028 8644 7577 443 2755 8549 1666 4834 6363 
54 9623 2898 9836 2892 4624 5440 1954 6101 7031 8579 4765 9535 2206 935 5307 2530 3461 3586 2340 5885 9915 8354 
55 7855 2929 7330 1919 2070 8991 9120 9016 7488 4796 356 8144 8650 1110 3936 4804 
56 5917 5615 1262 8214 7044 656 8702 9265 9443 9336 9921 863 5902 3047 7880 8090 4199 4787 6662 6447 7665 3566 4096 5564 7874 7552 5492 
57 1725 7333 2361 4484 259 7479 9716 5969 1557 6631 2527 4539 8199 2288 5601 1390 
58 2677 3543 3565 3916 8428 9619 1770 1565 469 3732 935 6137 2544 7864 4140 3752 9684 9869 352 9450 8756 5654 
59 7227 4950 9840 1727 625 9007 6897 22 1774 600 8368 9738 3012 6902 9545 443 7989 6812 2146 
60 7508 3386 9892 453 1016 2 2457 1304 7903 8883 6109 8173 6197 412 
61 6708 5301 364 1122 1979 5915 5008 2345 6241 2900 1813 1739 1638 4972 4419 6054 2340 
62 5412 6381 8102 3423 5224 7835 2662 4870 6727 1900 3232 3996 7097 9900 1682 451 1225 
63 1785 9148 5804 9968 250 3138 3452 1175 5988 8953 6541 5497 1455 9518 5390 
64 560 3759 8431 9842 7442 9547 2715 3115 3982 3144 2712 1916 6534 2626 4035 4061 6054 9426 5110 
65 842 2422 6539 7963 8582 1546 5078 6144 3749 1574 8813 4219 5495 5135 8125 
66 9244 1075 497 696 3074 413 6458 7447 2147 9120 6675 6074 5735 1414 4156 7269 650 1403 205 8527 
67 9955 3651 3549 7652 9848 7738 7795 8266 3548 7762 5428 6168 9768 5561 9960 
68 1496 3961 7949 7115 1698 2764 7718 4225 8305 935 4080 3885 6032 2551 1892 2340 7075 
69 3992 8663 8487 8729 7949 1781 5493 1400 6131 3195 5155 6801 3964 4951 1918 8134 3002 1430 8894 427 5962 2910 8684 3210 
70 7997 3505 9007 7153 1586 4367 6625 8522 8349 116 439 5386 9224 2707 5190 338 23 2534 7433 6292 1119 1437 
71 7949 1429 6250 8508 3074 2863 6747 921 6978 2298 8183 3830 286 326 9338 793 3166 7806 136 1227 6752 5393 8887 7289 4362 7131 1668 2432 2897 9917 8209 9330 
72 3540 8121 9299 4281 9244 6491 6938 7135 4459 4457 5874 9129 3995 9622 4705 6102 3161 5762 5698 5544 9270 
73 7771 6370 9007 6367 5503 168 2788 5053 4995 75 3969 3102 6044 6889 4079 8812 6595 8053 2681 3584 4837 2184 1081 3263 336 7500 9732 
74 2085 1776 6499 9842 3163 7651 8243 5911 7517 5923 4888 410 7800 164 5631 478 3573 5898 8701 
75 7483 6232 7593 1787 9961 2476 4271 8387 4704 1734 6817 8309 6213 7585 8722 6482 5777 3428 6192 5775 9498 
76 9954 2240 1083 1625 7153 7018 3120 76 6718 2904 3882 3721 9470 6003 3543 2796 9848 1788 8498 7221 7296 7292 7679 935 1515 9736 1763 3841 
77 3836 6642 8589 284 9959 8238 4890 5449 7432 7682 8671 8151 8757 84 4168 8193 2815 321 6962 
78 1678 6951 9557 8778 2986 6316 8776 5641 4855 247 8986 5489 3833 7004 5762 3049 8125 
79 79 4403 4801 2417 7205 6346 1908 8716 7849 7429 4352 1198 1140 2699 374 5302 4350 2615 9317 2252 9075 2057 585 
80 9244 6584 9722 1319 7166 4831 3285 4765 214 3012 8169 6710 7856 9889 4593 4654 352 4315 
81 1860 7606 133 9055 7153 7615 804 6481 2157 9239 7329 655 3747 5441 9667 3048 6640 9677 5456 3936 5122 
82 4655 6963 5063 4734 5869 2662 4721 1774 9798 9872 1626 4514 5124 525 1534 3946 
83 8484 7771 4381 9299 2231 4533 7187 6952 1358 2390 1603 7669 1780 7078 4320 5266 72 7709 8022 5962 6615 9548 
84 9040 9962 283 4852 1710 9188 1979 3022 3689 5532 4842 941 1044 2757 5715 2615 5962 4035 9025 9636 
85 5004 1040 1625 2470 7590 6210 4246 8248 3783 7545 4350 1106 9157 8520 2032 2485 1757 7443 
86 9704 2892 1249 3282 6110 1914 5117 6797 7418 1871 4385 7574 9944 6734 7783 2568 5962 6237 
87 5580 8736 496 8804 7438 9007 6052 2307 4100 9741 773 1003 5871 8493 427 2496 5825 1218 2295 
88 9953 3059 1597 6850 6730 5097 5780 1117 8145 5862 2955 996 4229 3662 
89 9422 2263 9461 8831 6196 8373 7153 8462 7707 2 5680 9820 7545 1428 2139 2468 2408 2092 8306 9293 
90 4847 2266 605 8846 1208 6547 8904 7752 2304 4199 2838 1562 1554 4377 7945 5555 4244 2643 427 9852 1308 9483 4175 
91 6403 5821 7206 4985 8604 5507 447 3680 3053 1585 8110 2121 5547 2175 9761 4094 7240 1356 6221 3545 2128 3854 2600 4147 8586 8836 3092 
92 4180 6551 6258 6035 1738 3553 4971 8496 357 9265 9129 7699 1199 5371 4629 557 3529 4699 8516 7233 6296 
93 6187 1002 4182 3325 787 6393 3717 9007 3278 517 2984 183 9797 321 9421 
94 2112 398 1379 4624 839 3440 135 2052 2555 5537 1530 4056 8801 7090 
95 5287 8794 6135 5856 7203 6613 788 2429 3781 2648 3316 891 9850 5451 7883 7233 927 321 4264 
96 8620 7629 7132 8817 6327 2997 9078 7971 7183 8540 3469 2916 
97 4429 4224 7108 477 1529 6674 7183 1267 2860 3489 3741 5715 8742 8267 1052 
98 7196 3192 567 9244 9692 8828 7429 1195 876 8671 6631 7164 198 6734 7370 257 3716 
99 2155 9038 8104 5639 4648 6185 2662 462 5685 299 4423 7114 4330 188 5483 3727 1080 
100 6020 3445 1498 4160 9500 9252 5708 4364 4501 2212 1192 3144 7241 5194 6125 1739 4280 3744 8722 34 
101 7276 2604 7550 4985 6849 6083 4346 3276 7439 9573 724 8293 8307 5800 1492 2615 9567 2080 4025 6231 8125 9681 
102 3755 4679 3547 486 9271 225 6286 7312 4871 6797 2003 6630 8074 2643 2647 8443 8329 9857 
103 7234 3932 3241 6157 6347 3567 9787 7948 5432 4710 4986 564 8134 8005 7556 969 9545 269 3341 2605 6982 9598 3936 
104 5240 4808 9530 3376 3522 174 8939 1289 9357 2293 6537 3909 7996 9943 5933 2998 5894 5421 7709 
105 7975 2635 8452 8487 9225 122 8465 786 1149 5862 3290 9312 5334 8005 4957 9129 7670 1829 6827 7586 427 8722 2118 7240 309 
106 5412 7454 7079 5437 2555 2726 1767 3303 7852 543 9514 9039 4519 1117 5715 1357 8125 
107 9183 8919 2961 9137 3254 1831 6471 5138 8391 4290 3838 9632 9606 1605 
108 5173 9665 6380 5704 9644 7267 540 529 1971 6823 7759 5006 6126 321 2741 
109 4793 6122 9199 9031 1461 6805 3718 1665 5396 935 958 7486 7925 5715 9444 716 7858 3586 5769 
110 7284 1145 5141 1112 1581 7967 6200 8351 6101 3504 9411 8598 4855 6881 5053 3490 7032 4340 7392 7413 2886 
111 4679 2422 4474 7481 8761 3101 4991 7641 2179 2472 113 8300 9449 9593 738 8019 2644 7511 5458 
112 79 6949 7621 2018 4823 6331 8932 1728 9007 2634 2176 1503 2278 6373 9610 1105 5608 4750 7575 4304 
113 6251 5049 4102 7949 8495 8043 6459 4865 7921 278 1071 1839 3145 3950 4396 882 2061 6962 
114 3887 79 3877 7480 5063 2803 6586 8700 7310 8167 2 3753 504 1716 5399 7874 6323 1633 9723 9616 
115 8491 538 3813 8441 9111 1631 8765 7889 8146 1204 5966 54 2290 2218 4901 9515 8652 9688 9124 8870 
116 3530 6034 5788 1134 1774 6672 9161 259 396 3501 7736 5156 7715 2346 7797 5152 2508 5492 9746 
117 4454 3760 5014 9127 2013 6516 6789 7120 7001 3143 3103 2734 935 4558 3024 6030 5115 4341 
118 7087 6643 3835 5636 7154 9160 3894 9965 4317 4939 2586 1479 1904 8295 2318 9432 4199 7896 4840 492 6261 7883 100 8027 6170 9086 3058 
119 2537 2876 5233 1429 604 2739 7153 2922 1298 5466 9034 4274 176 1595 4873 505 
120 4967 3538 6165 8994 2443 134 3376 6369 2982 2960 4326 9494 9524 3184 9065 2555 5507 8725 7758 2226 9075 
121 1265 6566 8495 4285 1984 8750 178 4167 935 4720 3830 9192 6821 8203 3521 2571 5247 4277 7860 
122 5917 3543 2494 3451 7912 8994 5318 2932 434 9178 8159 6560 7558 5245 468 5251 7501 7669 668 9877 9912 4311 4633 
123 2279 6258 2327 5788 4624 9988 9431 6313 80 1476 7706 4526 1593 24 9702 3158 7133 2857 8891 6578 5929 1478 300 7288 
124 79 5917 8489 7652 8951 3981 3350 2058 2723 7157 7072 811 3652 1722 1933 6896 
125 9040 2889 5662 6875 7927 5052 6900 2900 7699 5445 3012 9786 8674 1362 9545 1152 8154 
126 4780 3364 501 2657 7684 1625 366 8289 2165 5500 2052 552 1454 221 4649 9874 4941 5442 1290 2171 3017 6226 9273 5762 
127 9244 1343 1724 6613 7153 6376 2099 9073 4020 6832 4988 2173 5746 2517 9451 8241 4082 4883 
128 827 3157 6262 3631 1223 118 2962 3137 6743 4813 8160 6954 9533 960 1850 7557 8977 4948 7883 6819 2607 6827 2340 
129 5073 6938 9404 1988 965 2 8233 7782 385 9891 5762 6181 2367 7413 9694 8091 
130 6463 713 2962 3578 1295 5316 4481 3728 2128 1289 487 8410 6936 8985 9327 6978 2 353 8644 270 9089 9174 4901 1105 5330 5198 
131 4450 5519 1042 4573 8423 1993 447 7122 8617 9989 1693 6155 6282 2926 4977 9679 
132 5412 3972 8724 8839 9380 7579 9179 7321 1144 6498 3316 259 6537 1911 5593 3111 3243 4087 8827 4375 4188 
133 745 7997 8994 2986 4728 4490 3365 2999 9323 2227 2150 545 1105 4835 1896 5176 4672 7425 8190 8062 9576 
134 3622 7105 6514 3481 7639 5673 6134 3528 2088 7609 6454 7513 6427 1999 8365 2521 6115 6980 9443 
135 3751 2034 9584 9461 25 5664 6938 9839 1299 7153 3032 6375 78 9861 1317 3568 7820 7624 7769 9775 3653 3958 
136 1906 2155 7930 4777 9842 7466 1710 781 4107 1721 7283 5167 8515 2196 
137 9911 105 6613 423 4008 9462 2761 8253 8587 2106 3894 9049 5367 3521 4880 
138 2103 1121 9114 3542 647 3074 4362 4107 8181 8056 4770 7699 3783 5559 1321 8193 2687 8710 7444 
139 8890 7628 7917 8609 6152 5748 2162 4121 6937 4470 929 1968 
140 5412 3628 7792 9512 5880 3664 818 3590 2848 6470 1469 1385 1907 9282 7240 
141 79 5267 8491 5637 8012 2589 8950 6048 5346 7995 6916 3371 6882 5715 7069 1186 
142 6387 1667 8713 3376 1156 2962 7472 7408 8470 9517 6428 7699 4614 4731 7201 6271 4112 6089 2736 
143 5293 1473 3011 2013 6303 5144 2431 8476 1279 6724 1763 7180 6030 427 2098 7179 7936 
144 8711 240 2555 2582 3476 5949 3894 7699 3758 4116 4328 7461 8287 7714 6982 8585 
145 6961 5055 558 8044 3411 3044 5340 5687 7708 9615 7101 6139 6447 5607 4099 2393 8186 4647 6750 6909 5323 
146 5846 7438 1490 7153 6489 3831 4423 3084 2249 8408 9110 9673 8172 3245 6355 
147 5013 6113 7694 1963 7146 1042 9791 820 1710 9968 7351 2896 8554 2611 9207 5605 3753 782 5112 4521 7743 
148 1085 1696 7325 3054 2240 3023 7153 2183 4053 5400 9844 4707 6635 2028 5612 1383 5002 2215 778 9652 6518 2340 8208 
149 7599 229 6592 4803 7880 2670 9710 9533 7088 7547 8766 3060 800 4407 7631 8358 8646 7246 
150 979 9990 4070 6744 4624 8910 7507 5401 1668 2169 6341 2 8025 8263 7741 3580 3061 7133 4767 887 822 6523 6778 
151 8785 3877 6321 2805 7153 3672 1546 9615 2007 2908 7587 7762 6919 5558 3261 6276 9102 
152 8775 5660 7379 2818 1429 2785 7153 1454 8043 2289 5744 1335 7487 5871 4993 4043 4347 5706 8845 1912 6778 
153 367 9777 4985 2365 1640 8386 2421 7854 5340 7001 9831 8425 8862 983 3907 8298 6470 9305 2979 7709 9164 9374 
154 9795 3799 5528 2986 1145 2965 5347 4312 6291 1663 5858 2414 9316 5086 5840 8433 
155 3836 3877 4923 7949 6404 5023 3074 7517 9926 1142 6390 6283 411 7765 2855 9160 7734 7610 281 2933 1539 4093 3776 7960 8980 6305 
156 569 6895 5280 8994 9418 3482 7979 9351 9615 5507 2074 5068 621 4144 9424 3629 8092 3885 3521 3041 8597 5848 
157 6360 9112 682 5467 135 5336 926 5204 4787 2869 1188 
158 4562 3869 7688 7992 5989 4237 7400 3012 2643 7759 183 3021 412 6075 120 6044 4908 1950 2036 1138 854 1049 8644 3783 7961 321 7235 
159 5731 979 9461 6460 993 1756 1181 5038 3739 5477 145 5263 374 5784 5674 7673 5335 3036 2182 7428 871 
160 8994 1625 7949 3023 8780 8552 9562 8010 4241 1531 729 3494 6327 365 2550 3521 6504 1471 6379 9013 
161 1544 1056 1039 7367 6547 2190 5788 6966 1195 6715 3576 914 7225 2006 69 2341 5713 
162 472 718 8194 9011 7791 9404 7481 1116 9098 4378 8821 3600 1169 9560 
163 6020 7173 1134 3935 8495 3259 6688 8057 2630 3634 7438 7127 1299 7787 1668 9398 1868 8803 2943 8998 6888 1263 6506 9408 321 
164 1987 6680 7932 3326 5688 4505 447 9132 5465 1871 7163 238 2187 9048 5848 5389 7861 7365 917 9476 7883 6667 888 1383 7410 7249 2907 
165 1125 2240 9693 5326 8717 3432 8248 8406 3213 3998 766 9224 1394 2682 1683 3920 9270 4206 
166 3926 3966 3383 659 8716 5999 6756 6088 8387 935 5134 5732 3338 2716 5867 
167 569 6377 4588 3772 777 6359 4404 6 2286 684 949 9463 3880 348 1708 5715 7732 7213 847 412 5775 9355 7519 
168 1576 6087 4914 7087 7541 4199 1548 259 6905 2437 2792 6401 973 1873 4664 6254 9671 6140 1608 427 6609 6567 
169 508 8227 3368 8431 5099 1363 6742 3074 1774 291 2049 5044 1868 8406 2446 7807 4799 5186 9015 7730 2676 
170 3926 3089 8272 7652 3486 7733 3873 397 1453 3032 2555 8116 2171 9549 8387 5251 6337 2204 8850 260 2752 3625 7193 
171 1904 6622 7652 4622 1064 58 6092 3163 8078 7153 9789 5814 1353 6861 3507 8158 1341 7237 9036 3015 3374 5609 1731 9501 4797 2326 
172 8561 979 8246 2209 5007 3172 5964 8812 3012 2800 2299 6002 2004 6345 2685 717 
173 79 9731 9843 1160 4698 7071 5326 9858 1634 4712 3050 5552 2696 7736 7029 4266 354 6627 8773 4354 2766 5647 369 
174 3877 7652 3606 5047 3627 1139 8579 6134 3316 2671 9621 702 1619 1972 9706 4311 2698 5077 6054 6067 9483 
175 6176 3536 2595 2515 4604 9970 7737 7156 3458 7762 8416 8982 6409 6843 3677 3521 8103 321 
176 937 2898 4236 5582 8896 3429 1343 9968 193 9862 5961 3990 7762 4532 7534 5242 1800 2531 809 
177 867 7294 7795 8829 4610 4379 3584 8526 3218 4359 3655 1196 835 4232 510 
178 5412 1869 4975 1960 1606 2420 1246 8133 2693 1730 2329 2 7341 2402 3240 5538 1571 427 6145 8834 
179 8557 955 8731 7652 3116 6258 133 7456 7197 1415 6426 2453 5715 6706 5831 9543 
180 8794 3071 3075 6416 8442 5321 3194 1782 5331 4337 9392 5520 3012 4228 6188 6795 7859 3079 650 7968 
181 6735 1760 2444 8462 7120 5643 9649 3904 7886 4958 2008 9784 3665 2288 8676 9413 6834 9348 
182 5412 6358 5260 9825 7688 627 2529 7675 1927 4487 5921 203 3012 1741 5715 2377 9139 2643 4033 719 1213 
183 2732 1043 7833 8711 9842 1134 3432 3820 3329 3812 2 5494 8824 9991 7352 3309 1150 7739 2087 5153 6737 7630 9484 2522 
184 6953 9812 7949 5738 5345 8741 2332 3894 5445 1276 2467 8947 4284 499 8021 2096 7902 9669 7045 
185 9199 1596 2818 9650 5849 1641 8468 7186 9196 2349 7762 355 2114 2904 9004 1393 2519 6646 431 1810 
186 4559 6867 3279 8324 857 466 1607 3012 2893 5796 2857 1587 4708 2343 4974 4314 1658 5119 
187 2314 7950 3910 794 2134 2505 6161 2404 7689 9661 1668 866 6454 6798 6920 6616 4242 507 2630 8230 6555 
188 1550 7680 2240 7027 9714 8714 4896 7023 4362 7040 1127 7678 925 5030 2116 9444 139 427 66 6386 321 7110 
189 3836 1371 7652 6299 7683 2704 1583 7775 4795 2555 6162 4253 1367 6151 6326 3783 4781 6334 8313 7968 
190 2621 3269 6460 9654 9800 5164 221 9573 3830 4956 4866 734 1105 5215 7839 1332 7653 3942 6274 6623 7489 
191 6204 2503 7943 2727 5651 7864 7076 7136 4930 2223 3666 6713 
192 5939 7476 1463 9313 6417 3220 771 5843 8078 1102 9186 8147 89 7983 3497 1986 
193 7454 4953 7788 3766 7997 9379 154 4624 3023 7385 5481 247 3207 7801 9492 6687 1383 2288 1058 3072 321 
194 7727 9902 1488 3763 9842 9404 9968 8702 1814 9036 5854 2858 5666 9219 8008 694 
195 7652 1552 2962 1774 9615 5771 8315 2904 9311 8402 9656 8966 6453 8711 4858 4963 625 3981 9903 3077 1104 5864 1495 6554 6509 2804 
196 3676 6613 9765 7544 6201 2612 9896 9155 8344 5386 417 3370 3314 7326 3853 321 
197 9244 4690 736 259 1228 435 1353 7474 2579 7622 6227 1482 6912 2010 4259 
198 6224 2892 8254 1067 7409 8848 732 2186 9842 7407 2128 5581 8470 7627 1601 8134 3493 1932 4828 3226 3109 3897 4849 8930 
199 2237 6369 1375 1146 9558 2970 8533 7526 925 8962 1154 9416 5517 4093 5101 8957 6186 9657 
200 79 483 4909 6875 6938 2353 8556 7153 3135 7666 9977 420 5383 7762 6058 362 7177 5080 3240 5142 7055 6545 2745 3342 
201 2987 1125 3745 2495 7570 5064 8973 8140 8342 2539 8389 1500 4489 2611 3379 9580 7699 199 8235 7602 7686 952 3427 2141 
202 4679 6258 6584 2704 9701 3735 7159 519 5313 3850 1060 3609 3775 2423 1193 5125 
203 2957 1656 7949 7434 4278 3964 9129 2894 2424 5041 7933 2005 3376 9279 7419 7296 6467 819 4878 2562 2768 9771 1150 8871 4686 
204 1705 4909 7806 2865 9842 7841 7676 3403 6051 4468 1623 2062 7699 6327 6869 1843 9918 8220 3114 6029 7596 6933 9013 2735 177 
205 8613 8599 7050 9493 8431 4830 8751 4693 8507 4431 5880 3479 7030 3097 3026 6641 272 6153 
206 7560 3080 1893 2533 8494 4210 7217 4520 3894 1109 450 19 3261 7219 5391 4534 2213 3468 9374 4037 
207 6233 4564 4289 8121 4177 7364 1808 9968 9007 6847 4154 8134 4709 2288 4035 9236 985 6558 2740 2668 2986 1299 5340 2555 1668 4020 8672 
208 4418 3543 726 4060 9062 5566 2827 4065 1149 4034 7929 4544 9104 4377 6302 3334 2707 269 3305 8453 9075 4276 1590 5322 5962 
209 1835 5218 3877 1042 8994 7254 5328 3614 4936 4402 3012 4496 6987 1759 8531 
210 4313 6020 3877 9979 1611 9668 4084 5304 7618 3842 4891 4745 9412 8982 8481 3944 900 2375 9930 3410 3035 9633 1368 
211 8819 2026 7458 7564 6938 3310 8284 7285 2125 2781 8069 3363 9041 3885 8881 4680 9247 1875 8332 3435 6054 
212 3377 3862 8705 7671 8591 9248 3777 296 5861 3762 1153 7012 6860 1178 6479 8287 6295 394 7904 6778 
213 8851 9405 6202 6169 3877 9238 5360 4723 2305 9533 1784 5217 3894 5066 2603 7007 5719 2104 5848 
214 2228 9453 244 8571 9721 4737 1407 26 1668 7762 6659 613 4983 2414 3982 3581 4162 4949 4035 8920 
215 4151 8000 5179 4814 9466 3521 1191 2713 5953 3703 7907 2167 
216 2770 2722 9168 1985 311 9318 3074 7762 7038 4855 4110 5445 1877 2822 3506 8941 2245 
217 79 797 625 5882 6049 3847 4760 4414 9586 9029 4170 1775 2672 7266 8474 3729 2322 883 9559 1542 4176 
218 79 5061 8185 8673 4928 6289 8788 2643 3129 1197 6913 5773 4967 7806 2327 155 5064 3362 6698 4362 6531 9050 8069 9491 2935 8733 
219 5873 1012 2668 7790 1564 4636 6258 9283 157 2055 4192 8781 7429 598 5239 3758 6635 7053 2666 1190 9075 412 4007 138 
220 1401 6042 8856 8223 4402 1864 7699 8670 5978 5813 5962 3641 7413 5775 6298 745 7946 6451 2938 3681 4129 9533 4548 6365 3750 7342 8209 9395 6621 
221 979 3128 5677 4422 4199 7940 2610 6581 4916 698 3165 5454 664 4786 6415 3626 
222 9299 3130 6395 6804 5727 4345 245 7909 8601 2072 1079 9172 205 9119 
223 5412 6391 8807 3543 6418 7406 8798 875 2214 9730 1097 6733 8205 9353 4494 4792 4035 6211 
224 7091 8711 2962 6767 7296 6544 4857 7617 8634 7426 7852 6077 9511 5445 9783 5548 5764 7813 1059 5020 1931 5095 
225 8420 8663 2109 986 1405 4368 5560 140 3065 4740 1882 6693 1668 
226 4238 8327 2264 4015 4326 5511 3074 2275 211 3554 1847 8832 7142 850 2033 542 1763 6124 3905 4035 3557 8838 
227 2797 8484 9402 2240 1560 6161 1255 3753 8859 3830 3866 5088 6294 9300 9359 56 4077 4824 1566 1979 3801 9046 3602 207 4179 
228 6357 8645 7652 402 5563 7786 6141 9842 2856 7296 2903 9291 4349 8867 3012 8429 1793 2990 3630 8920 8756 
229 7694 1047 425 3543 767 979 8994 3262 9666 9215 1826 8176 1562 2959 8450 9377 8685 1201 2244 9646 9364 1828 
230 7884 7396 642 2679 4561 2962 6161 3023 6465 5904 5206 265 949 606 8975 7970 3158 8375 8947 5283 6143 3956 8098 
231 3726 102 5543 7505 3281 1406 9826 2699 8728 9440 4901 6796 4623 7270 6398 8418 1329 5693 
232 8564 5539 6320 9163 5869 6613 3433 6922 3032 7230 9369 2500 3186 6537 5526 5120 2874 7298 
233 946 1980 7817 1823 705 2576 4187 4746 581 8377 8671 2414 935 3012 2454 1383 9138 427 2288 5592 
234 8491 2650 3700 5604 9384 7316 5099 9215 8419 8052 9007 4660 5880 5700 9264 4421 9758 935 5203 415 1442 238 6687 2288 8559 3586 
235 2185 9816 6894 7438 4959 9533 8015 3948 8532 8118 3817 2577 3053 3079 7274 1347 9108 
236 9464 8491 8654 5683 4199 49 1831 7867 6510 8912 7099 8406 1327 8601 6327 6216 1234 6522 
237 5801 8693 3579 1017 5295 8907 3603 8498 5541 6975 2384 5383 5865 4020 2516 4563 3232 4057 441 5322 6981 9010 8037 
238 3764 9397 9071 752 8227 6783 7615 7473 1497 404 5429 73 7247 609 5348 4358 
239 5129 4031 8848 1861 4984 6938 3500 7120 5121 4846 3830 843 5715 9302 826 7413 6236 180 9013 
240 8580 4416 2422 1560 6938 9448 4199 3006 5525 2744 7088 5192 9937 8406 9997 1750 3827 239 9115 6799 7575 1256 3767 9094 5308 
241 2732 5986 3715 3117 9845 1582 6537 4612 7204 9933 1287 1670 55 2113 6604 1905 9273 2047 1410 796 5277 
242 6223 2972 8964 1343 7808 7880 2555 916 8003 5522 1032 8387 9304 9627 2574 2808 9847 
243 5412 2240 703 65 1890 4856 2 9772 968 8430 3733 7240 7754 7449 
244 7215 4531 8400 5395 236 7354 3074 5471 7883 1674 1524 3343 2220 761 7359 2718 6244 
245 4779 9964 7451 2753 7333 7366 5099 9659 8528 1979 1346 84 489 3758 1063 5147 6030 6565 1944 6082 5322 7709 
246 4909 1654 6483 6739 1128 1849 8075 3074 447 3371 1215 6018 7268 9032 9603 7240 6580 
247 2412 9735 6530 5014 8046 295 2240 3392 2962 4077 3153 9871 8260 5448 117 5584 7392 7697 3454 9340 
248 9990 3547 2790 4161 9007 5880 1216 2246 4028 9324 8401 4020 5983 4282 330 3249 5715 5839 8898 6802 1441 5845 412 6067 
249 7509 964 9453 5863 7949 5003 6354 6019 7696 9139 8844 8212 666 9199 8968 4765 1226 3277 4333 7899 4123 427 4193 9181 3151 7389 
250 8477 997 6585 9533 1270 3867 935 4089 3441 7732 9634 7575 4038 
251 9521 6800 4985 8698 3313 9265 901 7545 6827 2413 2051 3543 4372 7955 8994 1370 279 880 3242 3291 9734 2807 3784 3696 7709 2685 
252 7167 5329 9809 2499 813 477 6744 7745 6440 2649 7160 9080 6428 2345 2143 3977 8444 5339 1058 8844 3463 
253 2064 528 2155 9990 5818 2986 780 9133 9533 3648 1984 3811 1848 199 8934 2251 6309 485 3106 9942 6300 7756 9523 442 3203 6153 
254 2883 3377 9253 90 6469 928 4456 8390 6923 1668 7977 8795 5709 3561 6606 5386 8193 761 6082 7383 399 
255 6654 7059 1934 1041 6938 3270 8570 3771 7377 76 7048 9545 9995 3563 798 6464 9778 5783 6425 9013 
256 7791 3702 5849 1137 8152 9830 2992 3830 4697 3380 8841 8876 1644 7922 2867 7776 6129 3856 943 3620 
257 4898 2240 8831 6064 8510 4822 8066 264 4526 3894 9823 1242 7170 6977 8252 6029 5163 1952 2203 
258 4809 6164 8889 6136 5490 5351 8105 7453 2690 4639 5589 3839 7922 2852 1790 3229 
259 5437 400 6036 29 250 8796 1979 876 5507 3103 7020 6759 823 4071 2121 1879 5286 1527 1273 8125 
260 7499 1330 4574 4199 2002 3046 8716 5450 6458 8371 9793 2489 5997 2773 8406 4901 5893 6996 6675 5896 8902 1053 8212 
261 2659 8744 765 2704 6607 1429 4400 3043 3737 6290 6635 450 9766 1637 5149 5696 9527 4176 6054 7405 
262 5824 7894 2474 7438 8109 2902 7881 5630 2555 590 8671 9265 7762 8566 9160 9200 757 4011 8155 4472 8600 6278 5794 2340 
263 9275 3700 9244 7779 5326 4802 3034 2962 6647 5862 7289 8236 4367 3846 4870 6445 9130 3244 1079 166 9197 6691 9852 7240 9957 
264 131 1224 6242 5835 7296 6049 9615 3982 7703 3827 9939 9457 741 5715 2189 8239 7355 
265 930 5583 3757 2415 6938 14 8830 552 6707 2323 3989 8320 6918 9655 4377 6094 8092 9935 1613 2643 735 8503 9325 
266 1121 3945 9403 340 8198 2662 7692 3561 4958 3894 9428 2078 444 5097 8088 5910 3691 2578 2927 5458 3304 226 8460 
267 1496 6670 2240 6349 1083 3414 2962 6537 2643 8111 4135 4045 141 4216 8427 1247 9540 3714 3982 7654 8058 32 5762 6195 5006 9764 4314 4341 
268 8740 730 2962 8810 4819 406 1632 2541 4941 546 3539 3199 8131 5816 2904 7919 454 6989 412 8506 
269 5821 6258 5437 8770 5554 6613 9510 9992 8183 5913 6827 4455 96 9374 6267 7198 4909 7517 4811 6511 1668 1413 4782 4071 5407 7042 8290 
270 3352 979 7695 6608 8739 3981 6655 4069 3894 2968 94 4361 9138 6538 5265 5657 8014 2548 
271 3751 3582 6057 7749 1501 2966 7984 6938 5105 6467 3354 6189 3637 5567 4900 3523 1742 7687 4988 4002 1339 
272 1923 2260 3163 4197 6852 2856 9654 4935 3288 4643 1601 9101 6275 8257 6084 6482 6886 352 8708 
273 1496 9467 9114 5064 4653 1710 8509 6219 1668 3510 8543 6620 6482 7413 5667 1938 7005 3936 
274 146 831 9842 3491 6139 7762 9113 7699 4020 4048 762 2666 8782 5569 6239 4605 6212 
275 8514 1458 9898 5248 8431 4469 3043 8247 5531 7944 790 4727 83 7825 5485 5798 1534 
276 7652 5241 3172 3184 311 7153 1754 1588 9932 935 148 6700 2356 5019 5763 7413 6306 2358 6264 8530 1103 
277 5998 8471 9244 5373 1083 2105 9739 2981 686 8087 4692 2164 4625 9051 7699 3322 9175 5799 1348 
278 7652 9582 9583 4592 5880 616 630 7789 898 6838 3758 2904 5703 5017 9585 9750 2288 5957 3748 
279 4286 7397 6469 4807 3965 6021 644 9938 2627 5034 3012 8709 8937 7868 9116 7161 8013 7251 
280 1821 5187 6712 7105 3023 4199 7313 7542 234 9541 1614 8235 503 6942 5934 2288 9219 9232 6924 8051 
281 4810 1446 3004 5352 7438 7153 169 2555 7553 8134 7875 8961 991 5810 7543 5715 4527 5042 4619 6765 1058 6038 219 9383 
282 979 8153 3693 7880 3837 7821 8495 8123 7640 8134 6287 3111 3380 1090 5097 5219 2121 7506 2340 3711 
283 249 9581 9298 748 5 1598 5501 1048 4356 1358 610 159 2346 8188 238 2201 912 4035 3852 4295 3918 
284 3877 2191 5172 4254 7077 1625 4929 1809 4345 9842 7314 8148 2142 925 6402 6507 5692 5219 6170 3470 4838 7740 8534 
285 9245 2593 2564 3215 8812 3331 420 692 1248 7262 8042 2918 7653 6105 
286 7423 3643 730 1409 7369 9190 1238 9487 3113 7736 7248 7180 8068 5899 2288 3796 8686 9916 4041 
287 2882 2416 4665 3823 7713 4432 7438 2355 799 1309 1051 4735 7762 8005 5029 4377 2875 6661 6216 301 4619 9852 5783 
288 9140 5859 1499 2497 5908 2240 3855 1665 9865 2031 2060 935 9414 5502 8492 183 5772 7240 1542 5860 
289 79 5917 8994 8211 3624 5942 8612 6190 4258 3014 6619 3894 3405 6568 4442 6935 1916 2643 2795 7747 6464 
290 1818 4245 5767 9685 5090 4124 2238 7285 8728 7029 8302 8142 6599 7756 6285 4035 5838 8920 3804 769 
291 3836 4937 9358 3376 2791 437 2304 2555 9565 8026 3993 2389 8547 6060 667 9545 3104 9056 6781 3183 1534 
292 6525 2127 6556 7438 5870 984 2553 5369 3584 578 8417 1004 321 9994 9811 
293 4531 4944 9244 7254 7537 9007 4884 4356 7559 707 6851 6424 5530 1841 8215 1720 4128 129 8125 1352 
294 6175 4801 6712 7949 2986 3941 5964 9007 577 4342 1095 5482 9153 7427 5257 3905 3808 5478 5740 2315 2140 
295 9199 6547 8348 7318 9007 2501 421 2124 5327 2917 17 368 6296 2160 7036 369 8488 
296 6112 5368 9237 2399 6658 5437 9968 6209 8167 8312 3708 5050 3178 9335 7096 5448 6827 2192 2538 
297 4391 4985 5869 1681 1930 9173 4272 8411 3891 4106 9371 7575 8505 810 
298 4117 8885 4150 6890 4475 7848 3265 6922 2198 9216 8269 2923 3997 6000 3894 2439 1287 3840 2288 7415 2239 8618 5430 
299 2412 4714 647 6921 2790 7118 5211 3074 3006 8762 6672 1668 5096 7363 2481 4976 838 3012 101 7093 2526 9197 4056 182 
300 2210 8994 4691 9171 7086 8282 4962 6519 4942 8499 3982 1964 6327 6022 8234 8145 712 1423 6865 205 5885 8125 4108 2617 
301 9818 2236 7652 7050 9244 971 6095 1688 5841 9109 3949 7798 3146 1638 5600 2989 
302 7021 7533 688 6699 8842 1315 4212 2962 2284 8981 4517 710 6351 5075 
303 425 1474 4965 9195 2915 9873 2670 7787 4719 8340 1216 7267 2256 2557 7762 3312 4958 7699 8434 1670 1250 6496 
304 569 5412 4587 1762 2986 8688 4032 5175 9285 8495 2555 7956 935 8345 5386 5470 13 9362 847 9578 1534 8449 768 
305 6044 9674 5535 5751 9645 6457 1289 3316 1984 9478 8466 7426 6410 6635 9259 1929 3885 8083 8837 8125 
306 8816 3488 6748 2870 9626 420 1187 8004 5212 7037 4158 1380 7 7699 1647 6318 3754 7709 5645 
307 9757 527 7331 165 8265 172 5294 5507 2486 707 1961 7698 4507 1293 9579 4967 5901 9178 9755 9481 4352 9349 6312 9928 2810 4243 
308 3160 1711 9827 131 1125 5802 7456 2970 1774 3103 6270 63 6385 4035 4286 3550 518 862 8331 5880 6736 8341 2601 5268 18 202 6526 
309 9209 5723 1672 4097 2866 5340 8789 2 5273 8345 9107 1524 1105 3642 5011 8918 6054 
310 3572 9347 3227 5728 6584 4132 7949 2319 2339 2401 6528 5596 9260 6500 6406 4855 7399 3111 4442 8085 8840 7054 8478 9309 
311 1336 1260 4845 8711 7770 5869 8703 7438 2552 3074 8677 8720 2884 1697 8134 695 8275 6327 3319 3994 8878 1348 6863 
312 6776 6014 130 3231 9834 9968 5534 9948 6336 30 1657 6452 6635 5320 3016 5446 5094 5339 6695 321 
313 9244 4584 6979 8462 9295 3434 463 1761 2079 745 2787 6547 2929 663 6967 2074 728 7525 4051 1622 7486 8009 895 6482 847 3304 
314 3858 3535 7822 2721 9465 1940 4400 3409 7582 30 3586 6477 8994 2837 5677 5072 9495 7883 53 5514 5715 6030 8624 2925 3669 2867 
315 2892 3284 2699 9687 8644 6666 5158 6441 2819 2121 7710 4683 4194 7172 
316 5587 7309 6117 603 9842 7795 8423 4933 2107 8067 8678 6572 3271 9589 
317 3633 4923 2638 1299 60 5875 8811 5950 2725 6777 6480 4970 5737 8687 9474 6959 
318 1364 5917 2168 4879 5388 8518 2480 2983 7001 7657 9866 6590 4688 1978 2639 7988 2273 
319 220 6859 2327 6512 742 4081 1149 8294 3074 1238 310 1865 1745 8895 1858 9255 3012 4004 376 9159 4926 8864 2121 7355 9083 8594 4742 
320 3743 3983 9347 555 7713 8797 1465 2962 2391 6793 7551 4832 8228 2591 4616 7055 2344 1425 3914 851 2737 
321 1220 8163 2240 7949 2962 379 9537 6465 5150 7647 9637 4309 3533 2 4948 8363 6115 897 5234 2407 4695 2063 9376 7393 
322 6811 5594 979 7619 4453 3117 4321 9526 5947 3200 6827 9443 8722 9969 5848 
323 7244 7013 3877 2383 3005 2809 2983 8143 76 5111 7725 967 2101 2486 6725 9676 5958 8387 3308 3607 9625 
324 8216 7062 8603 9890 4590 8276 8635 3885 9007 9000 9211 
325 9607 6505 2464 9453 625 3567 6671 5876 2555 3208 1289 1668 4352 5785 137 6235 4256 6352 1779 6601 1091 9012 
326 4909 6997 1552 5623 39 4510 2368 3982 7293 8952 401 8643 5446 4778 183 8583 2310 6775 
327 9145 1042 105 1125 6266 8910 4884 1557 77 1815 5193 8539 9156 3836 2985 8491 2029 6938 1798 3230 5340 9281 8403 1253 2709 9372 
328 6397 5734 7652 4955 9848 9551 1859 2145 7656 5359 8235 3485 2771 6543 3512 427 6538 9499 3864 709 
329 1625 2962 440 4783 5880 1797 2437 5375 608 3012 1838 2195 843 216 6166 2302 1753 
330 9103 3877 2000 4399 3298 2629 1399 1365 3758 6770 9763 9930 9003 7440 4696 2978 
331 745 2155 1093 6771 1934 2232 3650 7191 3032 3003 7831 7883 908 8448 1669 9262 3102 170 3238 662 
332 6550 7199 7074 7949 5684 3385 255 1508 4199 2533 2683 1601 7762 3111 358 5758 7210 8086 1523 321 1232 9090 9013 
333 1206 6547 1772 3527 6101 7012 390 8122 970 9804 2439 5512 750 8113 1117 2491 9083 3902 9775 4924 
334 8976 2211 2197 9007 3066 7435 1668 7623 3830 3156 9387 1105 3675 3885 476 7064 7865 5803 8125 5848 3699 
335 4180 559 2264 2986 8135 9151 2065 2594 8150 6434 1324 8470 5690 5169 935 2440 5219 6030 7498 1731 
336 6712 3373 8218 2013 9946 7153 1832 5366 7762 9758 2833 7719 1752 4340 7137 751 5656 8374 8125 8767 
337 727 380 5437 6343 575 5653 8832 4638 4409 3424 4806 6423 2858 4667 722 
338 312 7790 3408 2962 3381 7663 4982 6465 5364 9717 8997 1746 2518 2643 8692 7185 7200 9261 5992 
339 6187 6436 6584 7949 7880 7044 8758 1148 4517 5797 5973 5112 9077 4664 8651 1903 8988 6222 2288 3275 321 9337 7887 9436 
340 6486 5062 1686 3889 9968 8910 7232 8464 9027 8888 8293 1086 8572 643 5628 760 881 3363 2247 2288 5379 3086 6149 
341 7846 8663 7452 2240 4497 4575 2488 1765 7104 9984 9160 1717 5661 2643 7972 583 4670 5775 2616 2027 7895 
342 45 3532 1092 465 4327 1398 7368 6672 7553 8136 7513 7285 8882 4310 9197 2288 1567 5898 352 2674 
343 6044 9807 8994 7949 720 9007 9533 4292 5781 8671 3555 9884 520 5926 6824 6482 918 
344 5660 8896 5170 2932 7338 5862 6574 8406 2301 7194 9301 4901 5160 5833 7796 7746 6263 
345 9249 4070 5677 7438 8830 5546 2951 3528 4483 3927 1763 6217 5715 6542 4736 3051 446 7065 
346 7077 8335 6991 4669 3189 7567 8129 7041 7291 2285 9301 6534 1038 8249 5724 574 3720 
347 6947 8372 6944 1454 5431 665 2558 3746 3256 9876 3870 4552 5996 
348 8049 951 5748 6177 81 4325 7314 2834 3818 7851 5880 1351 9678 9705 2465 4855 1271 3182 7968 9908 
349 5726 7395 9026 951 7844 8278 511 3344 753 3 3701 9370 4199 7012 2114 1435 7824 1091 303 
350 2618 3456 1113 8084 1137 3397 6564 4546 7691 5098 2483 1395 4334 238 9018 8357 9518 321 
351 8405 6123 5869 3064 3794 7456 9747 3074 868 4765 393 6327 4171 9060 427 7055 1610 8333 2881 8438 8662 
352 4531 7598 1625 3869 3810 9968 6705 1009 8830 6903 4234 3894 6534 2456 9284 9955 8994 6547 5385 992 3163 6490 8812 7517 5572 9533 6880 3959 896 2325 5715 7965 3431 2877 
353 4286 6949 7652 4628 4613 3027 1343 8242 4129 199 3697 109 939 9138 712 5181 6758 8382 5779 321 
354 1925 9990 4269 2790 7637 756 8780 9533 9400 9936 6960 9045 878 2120 4677 4661 7736 1505 2518 3883 5756 1 6945 5163 7546 254 
355 569 977 6681 7085 4249 3537 6056 2560 9749 3564 27 5298 5255 4978 
356 9385 9070 3798 5980 2669 7496 8907 8431 2704 3274 6893 1134 541 1451 8659 3509 7278 8666 4997 9708 6306 
357 1311 1349 8421 1005 1625 6810 8908 7429 3894 4635 6628 5941 8938 4788 8220 8942 8125 
358 1543 864 1261 212 7981 5755 9218 8293 3805 8644 5634 1141 6076 4035 9217 
359 3736 9713 1219 8599 9993 5670 9968 6458 9160 7699 7272 2839 7732 8396 5578 6986 2064 7238 8994 7379 7569 5342 8852 2708 3832 2269 3936 
360 351 8661 6550 2767 7652 979 9244 2209 6709 8171 9733 9386 4739 3012 6178 4946 4565 9223 5925 1901 
361 2085 9591 6597 776 9979 8707 3876 4579 7120 1668 708 6955 9286 640 6878 5059 
362 4104 7095 7260 6404 3524 3074 5340 2317 7439 6946 1668 547 2728 925 758 3082 3061 947 4539 6351 6005 1231 
363 8376 7611 7652 467 1145 6413 5401 5880 5035 5381 1240 8362 4647 2825 5951 4127 1998 
364 8936 1431 677 979 3447 9551 7804 6462 8140 6230 4743 935 4170 8130 1373 51 4311 8310 4145 2735 
365 6020 8927 8555 1956 6547 7239 3155 1920 3661 6772 935 7414 1179 427 223 3152 4045 321 5678 1028 
366 8706 475 8081 1611 4415 5309 5597 1628 4437 8732 5434 9904 9290 1895 8922 812 450 1670 8883 6815 1443 6768 8124 7892 
367 2974 7243 8713 8366 6413 9227 1299 4153 259 1294 843 4535 238 8733 9669 2242 352 8483 
368 8126 2260 3133 1866 6028 2333 3345 7255 3404 324 8045 2774 8106 847 7413 
369 8446 2114 9788 6906 4004 2398 8626 2254 2714 2387 9903 213 
370 7524 4902 4260 7116 5787 5028 1884 5168 2128 7324 8948 1481 9808 
371 8030 4641 9588 6614 5067 2962 3020 541 7023 3704 3602 6167 5945 2058 2875 4063 6731 5436 305 6986 
372 7607 1055 9979 9292 2149 5292 3219 287 4324 2559 7616 9976 5271 3111 5387 6808 7742 9075 9688 640 6844 1411 321 1297 
373 79 7998 4836 5295 6001 5508 7323 8910 4189 5855 5880 3982 9129 5852 8562 9368 494 5196 7174 7337 
374 2885 2013 2475 6914 6613 3513 7267 4174 8355 8138 3148 6130 8319 3593 4752 6146 1344 4571 399 
375 5089 7811 9781 1956 5183 5868 5862 5230 6570 8035 6047 5219 2583 4800 6099 815 
376 7275 3710 2030 3757 511 438 2994 2327 1675 7296 7056 9859 9007 6049 6086 3830 7924 1846 8231 5483 521 345 9691 2617 
377 4542 955 6683 6547 5906 2820 5270 1272 1281 5362 6085 6538 5250 7720 7575 7357 9342 2458 
378 7805 6121 3792 9968 9167 9604 3782 7066 7751 7182 858 8630 9597 4694 
379 2369 8491 7722 1422 3366 2426 3074 4824 3425 5509 9903 1668 4558 8808 62 719 6234 1136 4905 4068 
380 930 5349 6014 8752 518 4199 7150 5299 9819 9544 382 9751 1889 4999 2469 1252 674 183 5193 1387 
381 1955 5702 9968 7438 7951 3502 3520 8634 4609 3371 4115 4413 9356 8560 4302 9794 
382 3069 6487 4441 5748 9043 931 2962 8164 3533 4390 991 8893 9363 6470 4331 6892 7306 
383 7608 3877 2679 372 6855 1194 7455 7554 3860 5880 8284 7883 3320 935 1296 450 9301 2148 1010 4296 
384 325 8264 9519 6970 3623 7347 5220 6774 8746 6537 5921 1627 6466 6534 5054 673 1941 3936 5182 
385 3976 755 2790 7082 9675 5194 9224 7728 6362 8189 1769 8994 6433 6938 1570 9841 3602 8450 8535 6934 4340 5676 6677 660 8614 2095 6429 
386 2426 7438 5402 1277 153 2566 6773 208 6101 2463 2760 8457 4095 5715 2615 1252 4815 6717 2270 2633 8212 5848 6778 8456 
387 7362 6771 3132 6258 1164 7226 359 5515 6829 1238 9331 6488 7629 88 5264 28 183 7709 5365 8212 
388 721 6818 162 879 2962 1579 6431 1520 8150 1984 8360 2540 1117 2643 3521 4764 3936 7519 
389 4820 491 6891 4399 3795 8908 2542 3074 6474 7693 8406 7049 3610 3789 9301 2844 6917 6836 2524 6040 
390 1445 554 6218 233 9802 8140 5643 3937 7751 7340 8800 6174 935 374 8392 4705 6010 2115 2239 6986 2630 4181 
391 4152 2794 1559 6732 6967 5972 935 2943 2754 5156 1252 1679 5990 833 
392 569 3496 1963 8440 4650 3296 3575 935 1316 3819 933 8916 4000 4886 2175 5458 300 3936 
393 2777 4572 6044 9834 5177 5682 8286 3779 1174 7261 2 7736 7361 7495 8064 739 1731 5107 
394 79 9607 2452 132 7997 1956 3803 7491 6104 6576 7121 1185 9682 43 4377 3806 9224 2543 9906 7332 3541 321 
395 8459 817 8958 7192 5161 4791 2271 3316 4692 1981 3656 4522 6737 6557 652 321 300 6716 948 
396 5412 2024 3543 9883 8994 8447 4965 5795 9968 2447 3293 8996 4234 5370 3671 2752 3394 
397 2109 5214 522 3023 6749 8296 4449 1376 1050 3134 7699 5443 3657 8841 3327 5145 8196 3468 
398 5877 5457 9968 9007 1853 2569 4757 4904 3285 4602 8116 8011 7762 580 5638 9381 7565 5995 5355 673 
399 79 745 1805 1801 2859 5248 9601 6807 9600 4434 2769 3113 3592 2643 2192 9423 3597 
400 569 7141 7320 1557 4527 1177 4577 5439 6669 9185 2954 4658 474 1719 5880 4195 1799 61 3875 9594 5216 4689 3159 9720 8592 
401 3164 5902 2050 7652 4257 2986 1652 8119 8528 8790 9743 9480 5374 7503 3106 9197 6082 8722 4538 6388 
402 6133 9453 5248 2986 7748 2580 9076 9659 9085 1238 6119 6396 5533 6968 8644 7009 2746 4786 5083 
403 79 2986 8747 4411 2366 780 8170 3025 5082 6862 7429 6364 925 5090 8346 3267 3434 8644 631 553 5446 7780 5433 7413 
404 5857 6547 8615 8033 7360 8177 4917 2 2097 3783 6065 924 4755 7213 3541 9208 8125 9436 6973 
405 79 3415 7367 3932 276 6613 1429 3074 2799 8935 3093 7008 683 2434 9003 7531 1959 2973 732 663 5326 2433 1957 8388 3982 7929 7085 1436 3079 
406 5412 6486 9467 8628 1233 2988 3375 4938 20 3822 6873 8259 8439 5962 5317 321 3395 3968 4026 
407 2263 3422 6584 8994 9043 2554 6594 1695 5468 9182 4218 4047 4133 936 4021 4646 1449 6025 4108 
408 5223 3562 8644 2996 4940 8432 3670 6324 9415 1616 1774 9568 8667 
409 3337 910 3446 3417 273 4728 1360 9533 2533 4763 9806 4054 488 4901 3169 1117 5962 7969 8764 
410 5311 4180 828 6883 6196 7880 6503 8105 6049 513 2924 6549 7510 1514 6265 4062 9177 6311 583 1256 2146 5122 
411 3797 6618 271 3297 2327 9319 2872 6898 1834 3982 5565 4091 7266 4401 450 9391 7219 9401 7549 6348 6602 
412 9833 6588 2952 737 4671 3783 3537 5695 4903 7856 8658 8900 9004 9566 1025 3895 9341 830 
413 4812 9268 8649 5504 6984 7643 4444 6610 2265 6269 8922 1159 4308 6075 3871 206 4684 7256 1979 5143 2194 1939 1833 9032 5889 5027 
414 9123 1496 3099 2589 2673 6739 9608 110 2 9602 3106 7732 2729 6538 3009 227 1305 7123 8899 3202 9066 8969 2066 4134 9047 4591 
415 1880 2779 1541 6141 4326 4607 3225 7327 6478 7049 935 8387 1680 1650 1202 5656 4134 4805 
416 5580 8157 5276 7652 6492 452 9007 1238 436 9314 9129 3982 267 7356 5065 3690 1105 1992 7613 5093 6540 
417 783 6333 4531 3877 6258 5663 634 7088 167 2719 5178 9222 3885 5762 5968 4159 8660 8204 
418 9352 7642 2962 9842 1715 2555 1026 432 7762 2038 5307 7034 1749 9940 1424 9609 108 2750 7781 8618 2630 4042 9296 6939 
419 9230 6150 7949 3531 8195 6021 1845 7762 235 8854 2335 5836 8387 246 4717 6701 8883 4821 1840 9628 4013 5962 8539 205 
420 3961 4480 979 4766 714 1223 7151 6613 7028 3251 9637 1668 2177 2590 782 4558 9920 1419 6225 7304 8519 1878 9001 
421 1773 2240 5869 5040 3474 1118 8043 9901 637 1851 1072 7762 5536 1948 8815 7006 4741 4893 4314 4169 3560 3427 
422 6928 1956 2240 5742 9366 4203 6021 7641 6840 5056 7303 5359 8224 905 802 4340 3954 5962 
423 7939 979 1645 9842 2283 1061 3074 5704 1288 4760 3316 3742 5504 4928 9460 6534 3096 9141 1538 3100 2407 9332 9638 352 6153 
424 7810 5583 2240 2790 2233 3821 7883 5029 7280 4664 5081 4502 9067 7893 3146 8600 457 6296 9688 2175 3585 4892 
425 745 7178 2403 9968 3465 2462 2549 5438 7063 8361 6437 9480 2655 7699 5251 7459 9945 1647 3437 2536 2546 9086 6583 652 321 
426 5296 6280 3792 3991 6116 2847 7153 449 42 593 4920 3012 3095 551 6926 
427 2878 4462 4536 1034 6382 243 7153 7448 6147 2555 3379 571 3613 2294 2666 7457 8062 
428 3398 7302 8343 4191 2673 4985 2013 3923 6842 1536 1381 3616 4627 6041 9025 776 9008 1292 7591 3032 8116 4632 6030 2340 1510 
429 7702 4772 4913 6141 6021 4036 9176 9023 5307 3659 5053 2255 7436 8036 860 6280 9534 2986 6528 9533 7521 9573 5074 8809 3784 
430 79 7017 8202 6879 33 6549 8156 4215 9301 8558 6803 8513 8763 
431 5162 7583 3235 7836 9502 1668 7493 8284 2846 67 953 7732 3865 1412 2308 
432 8491 2350 6940 7632 8175 9404 3975 9803 4034 2555 1743 3214 935 9290 6260 7138 4340 8655 4586 8738 
433 6338 8853 2161 2962 8428 7296 4762 6101 4996 9310 9903 374 3894 565 5103 4758 9139 4039 458 
434 8049 5918 1299 8501 9653 5340 4668 4420 8180 4352 3703 456 5705 9709 3307 1943 6729 7915 
435 569 1937 4985 4906 6722 8463 1361 4960 2274 725 849 3012 4020 3140 4178 7380 1025 
436 9731 293 8992 8805 155 6250 6203 7816 2701 3638 1130 5445 3119 7668 9091 3706 2193 7413 1794 1534 
437 2208 5026 2264 190 2986 690 1369 5130 6101 7126 21 7634 1426 9097 2969 9044 1117 6015 524 
438 38 2532 726 2783 9162 1121 496 3376 9968 3074 6853 4044 4749 7536 5793 5754 3473 9886 7732 1962 5905 
439 8711 7987 2962 482 5003 4512 8132 5104 4730 6611 9930 4073 3863 7207 919 7597 1147 6082 9868 2100 
440 755 2895 6011 1774 1942 7053 7862 3146 5890 8060 691 8491 3088 2327 2887 2409 3900 8712 9533 3154 6160 4511 7459 2043 1690 
441 5154 4360 2240 2962 3845 8921 3077 6310 3602 6837 1182 5761 3707 8685 8610 592 
442 6624 8359 5743 9842 9206 874 9931 7978 8978 8461 6356 9042 4437 658 2920 9709 2491 5766 3936 6899 
443 5815 6259 2337 2264 6613 6938 527 9256 2812 7490 2864 8759 447 4580 8130 8250 6746 7874 9805 
444 8486 2240 2870 3792 8914 36 4824 670 2906 9837 6173 2879 3012 3207 978 1786 9822 1571 7024 2911 646 3083 
445 79 5752 9595 8431 2135 142 9129 3985 8307 7301 4385 4973 7277 6030 2858 1432 1876 2806 
446 675 6414 2240 6613 2445 7162 4389 4463 3635 7336 8134 9198 3753 8686 535 6809 1121 1323 6603 2555 4915 9260 7736 5909 1898 2225 8209 4529 9821 
447 8077 8681 3939 6103 1134 3032 5668 9265 5900 6249 4528 5212 2060 6636 4365 5307 3894 218 987 792 7650 
448 79 3683 8480 779 7307 7349 7569 5573 838 2003 759 4109 3250 3825 4785 5157 4341 
449 5199 1855 6656 4912 2555 112 5461 4299 191 4901 8995 1107 1994 7179 3495 5132 1723 
450 2155 865 6014 3004 5553 6938 6608 3193 1958 5872 9635 8716 5358 5671 7048 9146 4855 4943 7991 2939 1466 1167 7147 6999 
451 8711 8337 9740 7636 1572 6786 1874 3508 5340 8716 4478 7826 1389 5817 8350 4173 267 597 1489 9947 3914 2513 332 8748 4645 
452 360 343 9485 4066 9442 8029 3888 6331 1340 7438 7350 7169 4660 2102 2624 1310 9086 4702 9270 3236 
453 8054 4567 6889 2438 4294 3728 2947 9533 5416 8967 7381 3264 480 5715 3684 1609 2158 3936 3031 8574 6778 
454 2823 733 4300 4376 6980 1602 1264 1888 251 6073 7721 1111 331 
455 6484 5730 7484 5236 5943 6070 7188 5043 6408 8467 7902 6884 8631 4357 6067 1852 
456 8097 2828 3318 2962 5928 4491 3460 3986 2449 4664 6740 816 4818 1421 9069 
457 9244 9399 6394 1077 9388 7883 844 6046 3243 6929 448 10 7659 7819 
458 8548 3632 8608 7212 5437 1625 6938 2817 2111 7845 9563 7101 6091 8906 7857 1176 3052 3752 3236 8125 
459 6613 2379 9354 3074 5884 5474 6281 2 4578 447 5997 7699 7566 4527 4382 5838 1007 8925 7025 7899 8451 427 4040 2158 2262 4786 
460 8946 1956 5353 6467 1651 1022 9149 6470 7604 2126 2338 9139 1430 1962 52 7209 1066 
461 4706 6547 3241 3999 9573 8880 9005 4438 9728 8367 3894 1512 4027 5415 8093 3292 5149 5547 7039 3694 
462 8715 8653 2422 2537 2240 6258 856 2394 3050 2569 641 6134 5924 2437 1000 6327 9433 6741 5506 
463 6487 7966 3393 1459 6378 2599 6269 7568 1646 6515 9139 523 9529 982 6731 8822 6054 
464 3786 9199 5748 2119 5869 8191 9014 9659 1657 2202 8301 8569 972 1161 6178 2288 6238 9569 4341 
465 4307 5788 2986 3518 1984 1668 1434 2730 1969 2773 8055 111 7633 6692 9545 2979 715 7630 7773 4504 2936 3098 150 
466 9641 381 7234 5200 6184 4079 3007 2288 7575 607 4339 5649 2222 2313 1778 
467 8338 2565 6584 9533 3722 7562 601 9023 7382 9986 9254 9933 7083 8069 770 9555 4314 4397 7901 3255 3936 8911 
468 3543 7949 3234 349 1301 3781 7092 7767 8644 7290 6673 6611 1524 1237 6257 3499 884 7022 633 6332 5254 5444 
469 323 6449 3280 6256 1774 2129 4055 8632 7204 6941 8256 7373 1036 1662 9643 3936 
470 8041 1337 6983 2555 1668 2418 7762 9815 4557 8924 1655 9301 9507 8061 4252 4771 8193 7976 2137 
471 4652 5888 5033 5954 5185 5842 9753 7305 3211 9224 7700 2288 4443 126 6899 
472 1401 2048 2331 6833 550 5826 6050 328 1353 3507 2711 9438 388 1555 2575 6871 9950 
473 937 1569 5770 753 395 7469 8469 6134 7762 7993 6053 9107 6920 5356 6473 5350 1752 4340 152 8114 3596 4433 3330 5962 952 
474 5752 2466 4326 9968 6024 208 1181 1802 9885 3894 6958 2692 6538 407 2292 5556 6650 1521 1997 661 
475 9731 638 195 9233 163 2327 4369 149 4854 8117 9867 7285 2890 5307 512 9618 915 9688 7709 7511 321 6332 
476 2117 8484 4989 4798 3163 4388 648 7677 4464 1342 4386 8130 9592 5715 1391 2121 7732 5459 4644 5962 8512 1020 5655 
477 979 6063 7949 9931 1328 9712 8928 5127 123 3371 7202 2545 6545 2661 8270 4348 6236 745 232 3621 6547 8949 7124 4493 3077 5897 4553 
478 632 6990 5282 7143 5333 6114 4501 6825 6214 2382 3273 1516 5715 7055 4222 8308 352 8723 
479 3377 3190 979 405 8907 9344 9972 8855 7880 956 9533 2555 147 2248 64 4554 6163 427 1132 4240 3395 9270 
480 8647 3260 8794 2240 3056 5677 1124 9193 4199 784 6672 1480 6726 8005 532 5400 468 5045 3012 2376 3630 5189 352 9308 
481 2240 4728 8843 6021 5716 7361 2850 5659 805 7477 3552 7068 5397 6521 7429 8578 246 935 3125 8445 7133 4549 4314 4537 3682 2406 2685 
482 7285 4526 1065 6339 4166 7252 2322 8314 829 5891 2651 4323 1668 321 4615 7863 
483 79 7806 5936 3251 2847 6404 3438 2 4200 3141 9887 5418 2512 8841 9030 238 8793 944 4860 6648 4314 6621 
484 7997 2240 2005 789 8814 8734 5710 7117 9349 5209 838 657 7216 1019 1180 2873 9697 6030 3147 3149 9669 639 8719 
485 3901 4801 2156 5768 2144 2790 6685 9971 3074 9510 1540 1736 7353 4882 4566 2288 4703 1293 6728 5962 6633 7482 
486 1244 9199 8994 813 8141 6698 1807 5677 1784 5207 7952 7386 9711 7311 2666 7259 1314 5070 687 
487 2235 7652 7478 6315 4774 1037 8107 9907 262 8406 4024 4343 6630 2136 4925 4001 7413 1522 9425 
488 79 3352 8491 4531 1685 514 979 7295 5341 7438 3108 8999 5031 6059 2282 9087 450 6229 3967 6839 7919 2685 7061 
489 526 2802 9834 753 6468 8176 1241 563 4148 731 934 9035 6790 1752 1935 5406 2596 5462 4393 
490 2240 6744 1700 1377 6671 3081 4969 7774 1591 3144 3012 5253 6780 188 2288 6908 8022 3121 2798 
491 3382 4594 6329 3388 8043 6672 1120 5985 2001 5288 9624 7852 285 44 3127 1354 
492 7320 8528 7638 2138 8002 5507 8823 5830 3750 1639 7219 7732 7210 7740 744 175 5272 
493 1982 2747 6476 8210 56 7840 3955 1299 7948 1236 1984 1280 2136 1817 5219 4752 7777 2608 412 
494 4198 325 7987 8304 4606 5064 3005 1306 9468 6101 4012 9611 4639 9660 7782 9965 1945 6226 139 1600 3042 7391 321 3395 
495 7206 2811 7791 3795 6045 6613 676 5880 46 8743 893 1750 256 701 315 2909 1561 5993 8207 3740 7193 
496 9430 6095 4078 3970 7321 3144 5617 2614 9930 2093 5343 5895 5412 1504 4209 1139 7762 1464 7883 8387 8345 8581 6692 1391 1366 8696 8336 321 3936 5860 
497 8879 7057 2660 4853 9315 4332 329 4716 5956 8787 3987 6360 4027 183 7709 4886 4733 4220 1457 
498 1624 7713 6711 6360 6764 4663 2840 4527 6765 2288 4843 8690 1209 2155 9199 9848 5109 3713 3336 7880 259 3675 6170 3013 650 1035 
499 867 8622 8245 2017 8753 1402 8200 671 6467 114 2602 935 319 7852 8130 104 1129 6738 7504 5654 2321 
