100
0 3053 3069 756 2288 116 8461 478 6915 1702 2268 398 4460 96 6045 5136 422 32 7707 38 4048 5469 720 91 869 1494 1227 1808 2978 1558 31 624 5046 1137 742 6134 51 4738 39 331 995 625 1368 2076 8549 72 104 33 288 
1 7292 67 27 1440 23 253 11 2 4 252 9 1290 17 85 56 22 41 236 74 1468 7 869 549 2902 28 1388 2572 6 14 1632 404 5367 61 15 159 25 3 1 5 3198 123 21 946 19 280 1679 38 110 138 940 12 63 26 180 126 0 377 8 199 88 4589 8734 72 1572 
2 27 69 5659 23 2264 11 24 2 4859 4 252 1604 9 1756 17 46 22 16 32 103 35 751 7 178 28 5990 346 132 4063 6 14 58 62 54 3 390 45 5 19 102 1524 96 1591 92 2741 3244 138 303 940 12 268 65 0 44 90 8 18 37 13 33 
3 4361 1456 447 1395 6166 3160 8948 1370 768 551 1734 144 73 225 7924 256 3478 1362 809 141 5848 35 293 1937 2840 5582 2738 4009 3659 5803 725 5519 899 161 1549 896 7776 907 51 1772 9906 249 2191 2696 33 
4 908 641 3056 568 3420 4791 1623 9017 9290 993 7313 3751 941 2706 4157 8518 1956 3033 91 4725 779 891 7287 5196 2413 1257 79 3654 8901 2143 3689 862 742 404 1336 222 7275 3946 3769 
5 4089 29 500 611 1437 2785 195 97 77 93 155 2614 422 193 285 28 599 510 119 3849 95 245 62 61 125 4554 249 158 2627 6347 255 1702 73 98 1283 7915 2148 8044 48 747 36 650 1153 240 797 12 94 78 76 86 0 8 199 31 739 686 1173 
6 27 40 29 585 82 24 70 2 4 9 859 41 1184 112 172 30 193 7 10 135 6 14 1310 15 2076 3 25 1 120 50 21 19 7624 280 1334 1476 36 3244 197 38 164 303 78 20 83 86 0 44 148 8 18 37 145 13 176 72 
7 659 27 229 611 23 3700 253 11 24 2 4 410 9 187 17 47 46 56 184 35 1452 7 139 355 10 28 725 55 6 14 58 331 1315 15 107 3 1 158 5 21 102 19 36 316 3600 4371 5429 157 12 63 78 309 20 65 554 126 0 148 8 18 37 145 13 
8 436 2171 2608 485 290 5011 261 411 1189 187 631 3302 484 3179 131 212 32 112 4703 35 30 1089 2158 178 1735 8215 10 135 216 1287 901 58 735 62 121 9030 5515 151 54 57 4864 158 149 120 815 3692 6837 50 2140 4525 596 1581 3517 164 268 1597 9356 8819 65 83 126 7033 343 5247 1134 37 3747 2960 52 13 7269 2430 684 
9 69 2616 7147 290 232 24 70 2 395 252 9 46 231 1554 155 184 32 727 35 432 2735 7 115 28 715 510 119 725 289 6 58 4390 442 25 3 5200 1122 1 84 45 5 6729 21 73 19 2726 166 8034 2140 468 650 737 60 138 6234 78 329 65 554 163 0 44 8 899 6304 2955 873 176 72 33 
10 69 27 290 1447 82 23 11 482 2 1826 410 9 2848 17 256 859 3477 2905 131 2138 957 30 35 193 7 168 638 1327 10 28 455 135 14 1506 125 4978 841 8243 513 1 850 824 120 2701 1667 1737 5 123 19 21 7959 4609 243 36 468 196 138 940 4432 12 78 75 20 65 332 4210 0 708 8 1707 80 199 3008 37 624 5031 739 2871 13 5926 915 9086 72 3071 1131 
11 69 136 585 82 2591 671 7712 11 70 1434 17 1183 1671 41 236 112 114 91 3457 7 139 28 79 55 6 64 371 121 61 125 15 54 494 5333 1 1122 356 19 267 1334 653 48 316 60 206 138 34 327 117 63 301 8992 65 111 0 148 8 18 37 13 51 372 72 
12 4500 27 69 290 1077 3483 23 1401 11 2 4 252 9 17 595 22 56 632 131 155 16 731 32 114 35 2153 7 139 10 5634 28 135 4977 878 2177 6 14 728 62 121 1310 42 175 5276 3 1 2371 120 992 5 19 21 1502 1591 1263 7929 138 117 63 12 867 26 20 1251 65 554 0 126 8 18 88 624 37 13 2757 
13 2491 118 2922 25 4864 7162 29 1445 6131 2464 885 1959 1042 1540 4482 93 1271 567 6480 358 240 6558 414 2198 2852 393 1979 3572 3041 109 1407 1087 2185 5834 1156 1828 
14 224 825 7147 29 450 2 143 4 97 9 22 236 362 185 9559 734 432 7 456 3182 4594 245 3046 948 1149 1902 3 680 992 3591 291 7155 102 6979 2205 3239 3773 650 196 138 303 34 2433 1866 1807 0 709 5721 8430 708 8 343 1097 1104 104 
15 27 69 9957 29 290 147 11 2 4 9 968 87 22 41 16 4090 114 1027 7 10 161 6 3774 979 1225 9365 907 404 15 42 54 3 513 1 120 84 1734 3198 2291 5 19 21 4023 2700 5482 280 7537 1263 92 197 468 7585 138 164 12 63 329 309 20 2818 1270 126 0 709 6459 561 8 899 199 51 6577 72 43 
16 1207 1100 722 207 7367 3698 2268 93 385 3950 3715 2744 236 1762 1477 1278 170 2767 167 1136 848 634 3243 1313 242 6031 1985 418 461 2857 6630 3500 191 933 5791 506 3689 6565 4974 1590 288 
17 485 1030 1330 1077 7488 5218 3532 2809 2 8015 637 4 252 9 5404 5278 9351 968 1554 2232 8152 4343 3243 583 7 763 28 418 454 510 3912 694 55 665 435 161 4607 2296 3923 6378 1420 1352 6369 356 1667 1743 345 9470 879 3306 2342 1584 2145 138 1498 5893 4443 797 1951 2981 0 461 3977 1185 561 8 2033 238 3540 6049 3021 4167 210 4335 
18 6058 3053 66 229 1395 4089 29 253 524 750 439 1604 77 1256 3410 231 836 204 2138 609 3983 720 613 1019 1298 119 546 8334 189 161 245 598 421 2416 6787 15 339 57 158 3121 120 803 4102 879 2688 273 5 3158 123 7984 8703 615 910 138 162 2523 1292 6234 1052 647 301 6756 365 1171 1222 122 742 176 1226 43 
19 66 2872 70 2391 985 3410 56 3498 5108 4090 2492 358 8933 139 2403 599 861 55 1529 146 245 250 545 1896 6930 5497 1587 1244 149 1548 929 300 333 3142 3741 1524 134 1762 981 110 9081 1689 34 4430 1612 536 309 812 1985 86 188 980 9053 480 122 2079 849 746 176 3203 4317 764 
20 27 7081 2591 23 11 2 4 9 1290 632 22 41 155 2659 74 35 9519 2153 3172 7 1771 10 119 3248 146 14 1225 907 62 125 4408 1117 2150 249 442 107 57 1 120 3198 102 21 19 2298 138 3497 12 63 1052 75 26 20 332 0 44 7347 709 148 8 18 3286 6379 31 13 849 805 4225 176 2849 33 
21 69 27 82 23 2264 11 2 4 252 9 17 2848 325 16 236 103 74 7 1089 977 10 28 389 79 5985 6 14 15 249 494 1384 107 3 850 1 7242 120 84 1152 5 3158 19 21 96 38 737 138 34 63 797 26 20 83 44 0 8 71 199 37 1350 13 176 1610 33 
22 27 69 40 224 501 1888 207 198 23 253 11 70 2 4 3379 97 9517 9 17 1290 2848 299 843 859 1132 22 41 16 155 731 184 236 74 30 114 6035 7 583 193 355 977 8955 28 389 161 6 14 121 404 62 1310 61 15 2045 442 3 57 1 356 2402 3211 3424 5 19 280 7624 166 650 197 468 60 240 164 138 303 1930 63 2304 78 26 2818 44 126 0 148 4226 8 18 6379 37 1173 342 72 
23 40 66 1429 253 3839 24 252 3525 47 1351 56 8139 1320 7584 32 702 35 8116 139 1981 95 462 1450 58 8138 64 42 361 107 2692 57 84 310 2169 1387 273 275 2579 49 6644 138 230 34 329 426 536 3706 554 881 2653 86 228 6459 343 1412 52 
24 27 67 388 3483 82 1629 24 2264 2060 305 252 871 2168 3455 6138 231 7908 769 1184 184 236 204 105 74 1119 5643 91 1522 285 115 977 1151 7373 725 6238 2136 9335 42 175 6698 339 7086 1152 271 8450 123 243 2187 1930 1195 12 3447 78 426 3706 554 83 126 542 148 708 1011 1114 80 3563 88 31 145 382 128 612 873 39 1572 104 
25 2106 40 1888 147 1645 2264 2709 47 140 1554 595 56 22 131 1184 3251 32 35 3964 7354 1482 6115 8360 161 64 62 3196 8243 3398 54 1048 1174 594 57 390 425 120 4397 1667 45 1478 50 1524 5482 280 166 602 4724 3139 36 1001 164 12 3880 301 86 7382 542 18 1222 3262 9677 3747 101 342 72 4100 
26 27 66 4807 23 152 11 24 890 2 9 5959 47 187 17 299 46 4813 56 155 131 7048 183 7 1019 1388 2052 161 6 14 1420 371 9927 15 409 3 25 1 158 5381 120 84 1967 45 5 144 19 9542 206 138 12 63 4497 554 0 8 80 199 37 624 342 210 
27 27 69 40 29 23 11 24 70 524 2 9 47 2780 17 1183 16 679 35 487 53 443 28 389 6 331 15 107 57 3 25 1 7753 300 45 5 8761 1954 110 206 6668 138 164 34 63 3266 4510 919 20 65 44 0 8 18 1365 37 1412 122 849 552 176 
28 107 67 1917 1 29 1440 120 198 2402 23 253 70 2 144 21 9 19 4364 137 22 41 16 2048 38 60 114 164 1583 12 63 53 1656 10 20 0 44 148 132 8 258 899 2385 14 31 37 64 914 612 51 121 621 1352 552 61 15 
29 496 290 337 482 1537 215 231 490 131 360 807 727 762 74 880 2000 1000 274 417 35 977 9894 1803 1697 510 8911 1272 330 113 250 6604 349 442 594 57 1766 1491 45 3158 3953 2513 281 650 1607 138 329 881 44 393 270 3141 223 2955 52 2487 526 793 
30 224 537 756 8365 4797 3149 9543 256 6450 968 1132 465 5526 610 7774 2274 1583 8427 8740 3502 139 1596 2427 4801 330 435 1674 2076 149 5484 234 687 275 9246 602 1904 49 8938 1026 110 2298 162 4532 150 332 1210 1933 383 2014 8 625 1610 
31 27 253 23 11 2 252 9 17 22 56 16 105 74 1106 583 7 549 10 55 2360 14 58 735 62 121 125 408 3 1 1989 4397 1734 273 5 1387 102 73 21 280 96 653 8993 138 12 1052 26 20 301 1783 65 554 881 1065 0 4487 8 211 199 5626 37 31 13 915 9138 7454 
32 69 5051 3489 3160 82 11 24 2 4 9 859 2819 231 968 632 22 16 184 35 30 3110 7 549 10 28 5921 135 7559 6 14 728 121 404 62 1315 339 2486 3 1 120 5 19 21 782 197 900 663 60 162 34 2526 797 268 426 20 554 83 0 126 709 8 18 37 1412 52 13 176 43 
33 659 3053 69 6539 8853 229 298 2116 1128 482 681 9 47 17 4953 299 46 87 3639 679 32 2425 74 2274 2348 7 2521 7387 973 4172 2374 289 8751 14 598 995 61 54 1384 107 158 3119 84 961 1667 3097 73 1793 5150 1954 2444 596 92 1376 6656 2214 2717 316 7437 940 63 503 20 9933 180 554 9896 377 0 1900 228 990 8 4820 1365 1284 5395 8488 686 51 5754 176 2849 33 
34 224 3768 1077 2248 23 152 681 2 305 17 77 2707 4104 9039 1921 1106 35 2153 549 429 168 178 2126 2593 5850 95 79 4977 55 665 371 1575 6604 9886 442 1 6523 120 333 4417 5 73 4364 166 137 96 4142 48 653 1446 38 5862 1324 138 164 268 329 9346 1612 26 1665 44 1408 3441 391 8 5084 18 1809 2713 926 625 6577 33 
35 5552 388 675 1150 108 969 1604 8973 5221 444 3983 6012 6137 3011 1151 454 975 4164 1186 8315 190 3662 4613 5895 594 9391 89 2576 8450 5158 385 7970 7537 2148 8030 3190 653 1883 6644 1607 206 316 1494 2239 9713 301 4710 65 4358 344 4410 4435 738 277 6962 
36 2180 1797 8454 585 3483 106 733 2930 681 252 1351 4662 5526 4984 4919 5329 4171 712 7069 3718 2739 751 967 2810 549 403 1936 1151 1080 1168 95 406 149 59 1528 1508 469 1638 3996 1702 9246 280 137 396 434 4688 998 797 1783 163 126 2979 9521 3003 4273 1404 1005 9562 1481 4067 1966 1412 2097 697 
37 2147 69 27 40 198 24 11 2 524 4 252 395 9 410 4848 859 968 41 155 16 184 30 114 7 1089 8702 10 9225 1482 1343 6 371 121 42 175 54 594 999 25 4864 1 356 1737 50 3097 19 21 102 166 2444 49 36 60 138 303 2612 2073 647 126 0 8 88 31 176 2430 8660 
38 1991 2371 8801 2805 3359 298 8295 3097 3455 906 853 3444 590 212 3926 2992 7486 3034 4630 1135 1314 507 698 2593 451 2572 419 2078 8704 125 6329 1765 6702 165 175 6284 54 
39 27 69 118 40 207 11 2 9 17 646 46 968 1671 2889 7048 74 2503 583 977 355 5921 4302 389 1546 3182 5546 79 55 979 5895 4388 107 25 390 1 5381 84 9611 5 7104 50 102 335 280 166 267 48 747 1369 38 60 138 34 1930 797 554 0 148 393 8 18 896 4768 51 686 2383 176 33 
40 3044 388 538 1395 2162 253 482 681 143 2 439 9 859 595 1184 259 1027 167 183 869 7 53 168 248 3849 64 907 265 2190 545 160 159 6698 1 566 539 2442 1263 6001 110 1153 7895 34 5931 777 4277 4130 1880 972 1958 1465 621 51 4849 210 
41 27 229 82 253 11 2 4 97 3135 9 16 204 2153 3884 5801 7 10 4099 28 389 4728 1723 665 321 156 6 14 62 121 2076 15 516 3 1 5 50 19 2504 1679 4618 7546 6656 197 900 476 117 12 63 268 20 205 5724 554 126 0 199 37 145 382 52 8272 1173 1321 3807 104 
42 27 69 224 482 11 2 4 252 9517 9 2848 299 968 843 56 3533 4568 1184 32 1768 609 2659 170 30 487 432 7 285 1522 1019 1771 5973 1611 1495 28 132 665 3248 161 6 121 62 1789 2076 15 151 2047 6092 3 1 284 6362 5 2291 123 102 19 21 2862 935 6373 1263 243 1643 1369 1001 3600 8364 138 12 5860 3514 7360 126 0 708 3441 8 211 37 5514 13 39 
43 1758 158 4837 1988 1128 124 219 4247 4838 234 2169 2507 1068 631 4373 415 664 3231 1274 2029 755 6045 87 1161 412 1333 8512 502 4021 168 75 1721 2094 6258 6126 9478 3199 8309 4040 257 237 878 
44 2196 3970 485 1395 4089 1878 2823 1077 2091 2841 152 1401 750 187 47 415 595 498 236 712 1413 880 370 8739 4817 1871 8541 272 7594 132 3849 901 1204 146 6169 3240 331 1002 339 789 9459 2721 3913 5851 7869 1070 2238 7959 5210 1954 2563 653 1753 243 1476 716 60 1379 327 12 6402 75 3065 5936 301 1651 2577 1033 708 2853 3246 8480 742 1236 
45 69 27 29 23 11 2 4 9 17 22 16 103 74 114 30 7 193 355 10 28 1495 5990 135 132 55 330 6 14 1506 121 62 15 1510 6698 3 158 1 1122 120 1881 5 21 19 1954 164 138 117 12 655 26 20 309 332 554 0 708 8 18 31 37 52 13 176 
46 27 4985 224 485 4372 1692 23 152 24 2 97 9 884 2950 17 140 93 836 1161 155 103 2112 4148 74 172 1155 7854 583 7 7408 1298 346 983 651 1168 901 289 58 5720 8654 2533 107 57 25 356 1 824 45 102 1502 166 218 294 1324 206 138 634 268 329 205 65 1903 0 708 8 18 4288 873 
47 69 224 229 9732 1437 1521 2264 482 2 9 4336 1434 140 77 85 22 155 114 129 7 583 193 2902 517 3621 28 1495 800 1200 2208 55 1799 995 2685 5182 57 3 1 3106 1967 992 45 3448 2291 1843 5 1073 1702 102 225 9054 5910 9768 233 138 614 3514 0 90 228 383 8 778 1171 7307 37 6684 39 625 2768 43 
48 27 198 147 4799 9 5843 8355 968 1554 22 2905 41 155 184 3684 114 30 751 285 583 7569 119 55 8334 878 330 6 146 58 914 1575 404 545 42 841 1510 1384 1601 3 25 356 1593 120 3692 300 348 4247 5 19 335 398 1283 1344 49 134 48 4157 110 138 164 12 4497 1312 0 148 227 990 8 211 1809 2825 2955 686 39 176 72 
49 40 641 9957 29 82 106 24 6059 519 484 1671 350 5472 186 259 1452 763 272 3471 146 1506 907 994 61 3493 2371 1122 6986 84 566 7718 59 102 2120 2238 1334 8643 3205 92 6656 2717 138 63 94 78 26 829 3332 1065 0 708 8 80 1325 128 7975 
50 445 82 885 11 70 6762 1891 1269 968 46 155 184 444 734 817 139 1275 1221 171 2787 455 4310 8438 1482 216 6 2941 4619 64 404 133 125 61 1599 159 4995 390 158 1232 2688 2453 5295 1524 2292 587 8044 2513 233 36 1376 900 240 3869 919 83 3443 126 228 6755 71 
51 27 5659 198 1692 23 24 11 1826 2 4 9 187 17 22 41 155 16 2420 5501 35 30 7 1159 977 10 28 725 6877 665 6 146 3923 14 1225 371 58 9365 3046 121 1745 15 2500 3 1 1989 45 5 1387 102 21 19 4946 2826 2148 910 197 138 117 12 63 268 78 329 2613 20 2818 0 5603 8 18 5031 13 72 
52 5555 2275 384 67 198 2886 255 300 5175 4834 593 1096 5034 410 2164 1805 1950 2293 4869 587 1012 4421 1853 4025 1469 105 1417 1153 6514 239 476 6180 1088 6402 8955 244 868 861 1186 5299 95 786 296 4589 2175 9946 42 54 
53 118 4478 485 130 1077 82 2 4 195 252 534 968 325 184 103 370 74 1027 583 171 1495 216 7986 289 14 1571 948 62 151 3 1 89 7791 1294 73 398 5150 243 48 92 2218 38 110 6051 138 12 2433 332 1296 3102 1408 8 71 1171 899 246 1704 382 1958 52 176 
54 81 69 2196 5982 23 636 830 47 2316 2816 182 1568 869 193 115 178 1495 95 55 331 61 15 175 442 4088 149 120 84 2099 628 273 144 3887 19 137 243 110 468 663 737 928 797 76 2612 78 509 489 655 954 180 126 451 561 90 393 624 1489 621 372 5020 288 
55 27 485 11 681 70 2 637 4 1434 410 9 187 17 56 3477 325 16 155 1184 4148 2112 609 957 30 3110 1089 193 7 549 115 10 1151 1495 28 725 55 6887 161 6 146 14 3774 404 121 15 107 57 3 1587 1 348 7293 1737 5 21 19 1502 166 1334 1263 4525 747 3244 650 468 909 316 900 138 117 63 78 867 20 65 0 126 44 1270 5603 662 8 80 199 88 3008 37 13 176 33 
56 2858 66 485 825 108 2264 3631 2451 8114 4514 1184 112 1840 5472 880 370 274 181 2810 2044 8702 154 3054 1697 707 1287 1457 142 3756 9915 948 1315 249 160 5566 789 5276 2371 7499 3014 1502 468 196 34 1754 90 375 211 100 203 199 2431 481 2746 223 1690 128 805 342 
57 69 27 40 82 152 11 4 252 9 3613 17 968 484 131 212 422 236 2348 30 3831 7 429 53 139 28 135 1442 14 1506 62 404 7672 7918 54 3 158 1 566 3975 5 50 19 2683 218 36 110 197 38 196 268 26 309 20 65 126 44 0 8 375 18 37 480 13 176 1572 
58 4596 2300 7279 1521 550 2249 252 4493 3470 5312 1132 1228 760 1768 2659 666 720 91 869 745 2873 8076 4133 4895 264 4390 513 2986 850 4672 1534 1627 1813 5838 1007 2148 978 1334 396 294 434 468 909 655 1597 7460 3514 244 6756 254 126 1065 520 6379 3516 1284 6082 101 3131 4667 
59 1100 1972 2948 6335 2956 1096 1566 902 195 5459 225 194 2231 1805 1277 857 2104 1385 6246 185 762 434 167 2043 1480 414 3908 8969 1187 216 725 4646 535 8146 203 189 933 1966 3101 2783 6134 1745 746 2980 226 
60 409 69 297 1017 130 5349 310 3839 636 123 1756 3455 77 85 836 6848 49 3126 212 747 5554 38 35 2526 3319 53 139 951 1876 216 18 142 113 88 238 1927 3923 58 1799 122 101 552 2573 42 235 43 1131 
61 69 118 213 9294 448 215 410 9517 968 155 444 105 5751 7291 927 154 135 1546 79 1168 146 1506 6565 1137 121 408 89 566 815 1877 6467 2134 9542 4885 4858 385 3215 2538 984 468 1262 60 1497 240 1626 230 157 351 1227 221 1754 148 228 2976 266 873 625 374 342 
62 2106 2858 118 69 5296 2616 2116 3428 1401 24 1826 495 17 9208 2316 87 56 1012 1161 155 679 112 2423 5887 583 2521 5634 28 2475 1187 79 14 146 7734 5778 245 404 4982 151 982 1122 2698 120 3363 4413 803 3927 348 45 1881 5 7117 3704 5876 7624 672 1591 3400 1263 3345 36 3858 138 3052 157 117 9502 919 309 65 3561 111 0 7966 3870 3270 662 8 2143 5395 382 7454 
63 445 3025 401 2 2359 4336 9 3100 1554 968 155 184 971 2158 285 7 1303 557 171 1495 1779 1054 3642 8543 6481 6 1223 64 506 15 8947 3 2371 1 475 5 4364 2683 1283 267 5448 468 900 206 3423 976 138 63 205 4880 0 660 4605 8 1123 3008 1104 1236 3349 5779 372 
64 224 3032 2591 671 11 379 969 17 77 7837 465 679 731 32 181 193 2126 28 6290 55 784 399 6769 62 61 265 42 408 1384 57 356 9305 348 310 6767 3211 1737 962 19 3317 166 1283 2145 1930 157 4342 63 301 505 126 0 542 90 8 100 211 2705 778 296 238 37 9584 1236 33 
65 2180 7687 1628 1017 3378 82 482 395 3582 410 9464 2200 646 299 4403 56 41 604 184 112 6222 1385 734 35 183 432 429 355 2132 119 135 132 2296 14 64 62 1732 4978 1117 165 42 841 390 7151 1491 59 3692 1881 73 19 335 1679 1476 434 38 909 5429 117 157 86 4962 708 343 88 277 552 72 764 43 
66 81 67 136 485 1128 636 524 2 252 7325 7674 9 4347 46 4350 3477 3257 236 1413 114 4994 1424 1583 455 132 8688 457 1438 404 572 1564 5902 1988 3142 1793 49 6656 60 1530 138 976 117 8802 307 634 1951 309 0 2049 4040 8 947 101 3096 288 
67 27 118 29 23 671 152 5313 2 3467 637 4 9 1434 1290 519 22 155 16 184 35 30 7 139 10 1495 28 6 14 979 3767 8080 15 3389 160 57 3 356 1 120 45 3975 5 1387 21 2700 1263 36 38 468 138 157 63 78 26 65 511 126 0 708 8 71 88 574 37 52 13 621 
68 40 1428 6163 82 1447 194 2152 4347 279 5286 604 4919 7850 236 112 2112 170 487 517 8466 715 324 79 156 2837 1669 1332 264 9360 397 5667 84 2216 3591 98 4597 1078 4724 5661 243 2298 162 63 76 509 426 424 647 554 83 126 1436 461 446 785 612 8241 5350 372 887 43 
69 659 1757 388 501 2616 2919 68 671 4834 2359 3204 56 22 41 971 185 762 1119 30 751 3299 1522 139 171 2448 10 7827 4436 599 4301 216 142 6452 516 3853 249 7042 107 572 824 1593 2100 3520 1294 4276 73 21 5876 335 4035 2744 1446 240 117 3266 6543 426 20 3561 83 44 2085 148 1408 1005 18 778 88 145 43 9665 
70 577 69 25 298 82 147 106 253 59 459 410 3293 1113 56 4421 48 362 36 378 762 984 468 650 626 666 206 2973 7 75 248 4962 90 79 7303 14 4942 367 840 2562 226 5580 545 176 2090 54 
71 67 66 290 2591 68 1401 2 143 439 395 4656 252 9 77 534 968 1671 155 5329 903 204 3684 3299 549 7 355 1495 7373 715 119 2477 546 399 2067 728 4044 1384 442 89 120 5195 3424 962 335 2513 1334 2212 48 2684 4632 6668 138 34 268 1721 8019 523 1090 0 5447 446 4221 6018 4881 3082 
72 388 7862 8629 261 3395 750 9 231 679 1353 3038 3358 6655 6035 53 2859 515 599 1876 800 9359 7589 4977 7797 7559 1360 8184 5038 2067 404 251 2261 1483 1384 6092 3016 803 475 2313 1566 1478 2262 6094 225 1621 1215 5205 1509 1894 1190 9613 1558 477 313 543 39 
73 2171 1311 485 6188 8454 2201 82 1128 2244 2249 2869 140 155 7798 112 6735 1106 3403 5124 1522 515 1472 9794 1386 1611 1495 8438 776 2857 156 4524 3923 3774 1571 250 597 8156 4320 1307 3826 2703 1122 1232 4923 333 3357 6589 98 2700 267 137 1277 3818 703 596 1195 8528 1494 867 7218 1562 3706 2198 320 1251 228 1114 4726 1558 37 1484 574 3824 5627 
74 27 501 29 3759 3483 5011 24 4 2848 22 41 16 184 880 431 30 2735 869 10 443 6 2296 14 250 121 1513 15 4429 1917 25 3943 314 4413 8875 3097 6097 73 4609 2700 9572 5661 1038 5616 201 468 38 316 7518 268 65 1807 377 126 0 148 5621 1979 80 109 199 145 13 621 625 
75 27 69 392 147 402 2 195 97 1434 9 484 1671 325 155 16 236 170 583 7 977 28 454 1482 346 257 2177 6 14 1506 58 15 159 3 356 1 120 6165 5 98 587 49 60 174 6147 489 126 0 1841 8 100 199 2431 8734 101 873 210 
76 27 3279 253 23 152 24 11 5313 681 2060 2 3379 4 1604 2168 9 495 3470 17 56 484 22 3408 131 155 16 184 112 236 74 957 35 30 114 7 869 549 10 6288 28 389 3849 3182 6 14 371 121 61 15 3398 107 999 3 1 5 50 21 19 2700 4364 166 3992 1344 8095 900 164 157 63 12 867 6402 65 332 126 0 542 148 8 88 199 145 13 372 1780 
77 81 2533 513 25 2265 1122 1593 68 59 2378 3603 1638 50 3293 6961 533 1258 92 103 8332 1577 183 720 3884 7342 75 403 5872 4098 6745 1251 254 7792 135 90 651 330 2942 289 9710 3981 52 8733 4959 331 1352 2258 1300 235 
78 261 70 318 7658 2142 859 87 325 731 1714 1686 2282 186 172 9888 1613 183 285 53 168 7055 171 443 1600 1482 1913 146 1310 292 1601 680 8402 2943 961 59 5558 1801 1502 137 587 352 396 48 5616 1194 909 9832 3006 2523 3057 2509 1597 2818 3796 3284 1270 391 654 122 5336 6049 4452 176 6744 3676 
79 81 57 3 538 485 5069 24 11 681 1959 4 97 410 2983 4023 140 256 98 782 87 7584 32 34 476 157 12 7 76 115 28 119 71 156 6 238 371 13 52 2019 51 121 4281 39 372 72 8271 159 
80 81 69 641 224 496 290 619 108 2060 2 4 9 5209 1256 1012 287 2614 971 214 6057 3708 7 9311 726 4241 28 6337 95 665 14 948 1911 15 54 1174 390 1 149 2063 8672 3661 50 137 782 6979 1584 197 1862 316 138 426 309 2759 0 1065 451 9678 8 3281 101 9947 1173 1321 1572 3166 
81 4500 1017 7081 68 147 3631 47 231 1750 9039 131 155 16 32 727 74 432 7 869 355 28 715 135 861 79 95 5546 156 6 2185 173 42 25 1564 9305 8094 120 300 59 1627 45 144 21 166 110 5091 138 928 363 63 65 554 829 282 0 662 3441 8 7234 31 9593 37 4281 684 764 
82 578 1628 496 253 2592 252 77 968 1983 1671 155 360 112 6029 341 2282 2739 3457 1303 725 2967 4018 914 1218 7253 516 841 235 494 54 2047 339 999 271 1606 3097 335 247 96 137 1274 978 2114 134 36 99 138 8342 426 7433 536 163 1665 126 5882 199 52 7677 1300 
83 659 2147 69 485 501 116 2 589 9 2780 859 7315 105 3110 7 28 319 1482 6005 387 142 2296 3194 1332 2654 235 1 4704 120 84 970 3975 5 19 21 267 3348 49 3244 1850 162 797 76 2073 1656 0 6616 365 227 8 179 4178 199 31 39 33 
84 69 27 229 29 2 4 9 3222 140 4347 1256 968 22 16 155 131 204 236 32 74 114 487 7 53 28 776 6 14 58 914 62 4266 1745 5725 15 5276 3 57 1 356 45 1737 5 123 102 4291 38 34 117 63 12 20 65 86 126 0 9047 3412 8 18 145 13 51 621 6049 176 
85 40 1757 229 152 219 4606 524 187 3569 299 7876 2432 544 3024 422 1106 274 417 183 193 139 355 403 1388 2052 5641 95 7401 330 1393 2170 1137 9030 5605 3180 516 249 2017 158 120 938 970 7557 6729 615 782 1344 2730 201 110 1001 240 6135 6718 1292 2397 20 2065 83 1312 2652 5225 1398 211 3224 1412 574 
86 27 23 152 11 2 4 252 9 968 22 5773 16 131 35 30 1468 7 193 869 178 10 28 510 6 14 58 3046 404 62 15 57 3 25 1 120 45 1734 5 21 19 102 267 1591 96 9514 38 900 60 138 303 26 0 44 90 8 211 18 199 37 277 145 13 72 
87 882 27 130 2841 152 8465 459 1541 679 186 1884 717 55 598 251 2045 15 1041 442 1725 1073 615 166 949 3652 935 5448 134 36 281 99 909 2334 2428 138 327 177 150 169 2509 5561 4040 7013 1847 88 364 2825 9710 3045 552 2849 
88 27 67 1110 290 4841 2 3879 4 9 85 7777 155 2552 957 30 1583 3457 869 549 1275 209 2372 1736 510 669 113 7727 1223 250 7481 15 54 3 1 120 4829 345 497 2169 273 7117 6831 19 9054 5668 1263 278 76 554 0 660 8 238 1704 480 1958 4329 210 
89 436 66 1757 500 636 6087 17 646 484 41 3024 112 103 4122 583 139 726 53 1495 79 9657 3526 161 142 2941 146 245 914 2377 1896 545 841 594 1601 1172 348 50 73 2120 532 8790 218 7548 48 4618 233 596 36 110 8978 206 240 164 268 867 424 3137 20 126 4962 88 1134 5350 625 943 210 4537 
90 27 118 229 198 1260 1189 17 140 646 22 16 131 155 679 4171 184 9824 6160 751 4551 3299 7 638 139 28 135 55 330 331 8381 42 1384 25 425 2371 158 8402 255 300 45 5 7709 9358 96 218 2212 48 92 716 201 110 138 2322 1052 655 2899 424 111 83 449 3977 383 90 8 88 896 1016 686 43 
91 5659 1091 825 1437 644 152 4131 4 859 3229 1671 2972 4171 184 4081 4289 4148 1119 9127 114 2492 183 869 7607 7913 1221 414 7167 5850 2020 8334 4581 421 948 2685 6795 151 5275 680 338 962 5 670 1070 7600 1691 3244 663 138 998 2304 1746 1227 4370 647 3066 4962 126 692 3003 8 375 211 2033 654 739 5664 374 210 
92 659 81 27 69 224 611 108 671 106 152 97 17 299 46 595 41 1714 74 1583 583 355 1673 216 132 6 142 1799 4266 15 42 235 107 789 57 356 120 815 255 45 3097 166 137 49 92 38 1862 316 75 451 179 8 4226 80 71 2385 7977 1958 122 304 176 3676 
93 107 353 4219 108 207 1103 124 750 871 632 2205 616 48 3586 185 201 1155 164 327 797 549 5041 1951 6137 244 9040 276 1948 119 555 866 2285 845 4070 245 128 122 948 915 597 1098 160 526 
94 4857 5483 619 3428 4425 152 830 1008 402 3458 77 857 7708 1000 7971 170 1031 6785 178 557 414 171 272 1200 2965 321 189 1223 264 3398 572 824 2402 2576 946 225 2120 1344 218 978 243 4157 1001 206 7590 2329 812 5447 5909 2882 8492 145 686 4625 374 697 1790 
95 594 929 152 2195 670 5442 6951 1112 3293 652 813 596 3646 214 5390 2670 240 487 217 3995 2791 3175 1863 1597 3404 7173 2894 2820 111 2668 3199 119 5516 344 3860 308 313 9493 2460 200 6913 8401 
96 1429 229 106 219 1339 140 56 131 2614 184 32 609 2088 178 7055 154 10 28 455 156 189 1361 1575 249 442 1766 850 2240 504 2003 310 271 127 6376 123 9572 243 1643 6656 201 1862 1001 737 138 329 301 1597 2818 83 163 126 542 365 3999 391 80 308 31 145 13 33 
97 9691 27 69 1395 24 2 4 9 1434 22 16 32 2889 30 7 285 1868 10 28 4301 1200 6 14 1571 914 121 4266 62 61 15 249 5276 3 158 1 5381 120 84 815 1881 879 5 50 19 21 166 4142 9630 92 197 9551 138 12 78 426 329 20 6102 83 2653 86 126 0 148 3441 375 8 100 6379 624 13 6082 72 
98 69 27 224 229 198 82 23 11 2 4 410 9 17 56 22 1161 41 236 114 30 927 285 7 139 355 7173 10 28 1736 55 6 14 58 62 121 15 249 3 5394 1 7753 120 5 6201 19 3097 2148 2039 38 303 157 797 63 12 329 26 20 65 0 44 7347 8 18 52 13 915 5350 72 2478 
99 81 69 224 6385 68 106 24 482 70 637 4 1756 9 8270 1541 41 1320 155 32 103 609 3110 7 168 139 178 28 9447 454 119 135 6 14 62 1352 61 173 15 6141 249 175 4258 3 1 84 19 166 1793 2504 1334 8707 36 138 303 3057 117 1023 63 20 503 0 8 18 7234 199 3008 2478 
